Performing C SOURCE FILE Test CMAKE_HAVE_LIBC_PTHREAD failed with the following output:
Change Dir: /home/d4nielix/Pulpit/PP01/build/CMakeFiles/CMakeTmp

Run Build Command(s):/usr/bin/make -f Makefile cmTC_d3ce6/fast && /usr/bin/make  -f CMakeFiles/cmTC_d3ce6.dir/build.make CMakeFiles/cmTC_d3ce6.dir/build
make[1]: Wejście do katalogu '/home/d4nielix/Pulpit/PP01/build/CMakeFiles/CMakeTmp'
Building C object CMakeFiles/cmTC_d3ce6.dir/src.c.o
/usr/bin/x86_64-pc-linux-gnu-gcc-11.1.0 -DCMAKE_HAVE_LIBC_PTHREAD  -fPIE -o CMakeFiles/cmTC_d3ce6.dir/src.c.o -c /home/d4nielix/Pulpit/PP01/build/CMakeFiles/CMakeTmp/src.c
Linking C executable cmTC_d3ce6
/var/lib/snapd/snap/cmake/1000/bin/cmake -E cmake_link_script CMakeFiles/cmTC_d3ce6.dir/link.txt --verbose=1
/usr/bin/x86_64-pc-linux-gnu-gcc-11.1.0 CMakeFiles/cmTC_d3ce6.dir/src.c.o -o cmTC_d3ce6 
/usr/bin/ld: CMakeFiles/cmTC_d3ce6.dir/src.c.o: in function `main':
src.c:(.text+0x3e): undefined reference to `pthread_create'
/usr/bin/ld: src.c:(.text+0x4a): undefined reference to `pthread_detach'
/usr/bin/ld: src.c:(.text+0x56): undefined reference to `pthread_cancel'
/usr/bin/ld: src.c:(.text+0x67): undefined reference to `pthread_join'
collect2: error: ld returned 1 exit status
make[1]: *** [CMakeFiles/cmTC_d3ce6.dir/build.make:99: cmTC_d3ce6] Błąd 1
make[1]: Opuszczenie katalogu '/home/d4nielix/Pulpit/PP01/build/CMakeFiles/CMakeTmp'
make: *** [Makefile:127: cmTC_d3ce6/fast] Błąd 2


Source file was:
#include <pthread.h>

static void* test_func(void* data)
{
  return data;
}

int main(void)
{
  pthread_t thread;
  pthread_create(&thread, NULL, test_func, NULL);
  pthread_detach(thread);
  pthread_cancel(thread);
  pthread_join(thread, NULL);
  pthread_atfork(NULL, NULL, NULL);
  pthread_exit(NULL);

  return 0;
}

Determining if the function pthread_create exists in the pthreads failed with the following output:
Change Dir: /home/d4nielix/Pulpit/PP01/build/CMakeFiles/CMakeTmp

Run Build Command(s):/usr/bin/make -f Makefile cmTC_3a5c1/fast && /usr/bin/make  -f CMakeFiles/cmTC_3a5c1.dir/build.make CMakeFiles/cmTC_3a5c1.dir/build
make[1]: Wejście do katalogu '/home/d4nielix/Pulpit/PP01/build/CMakeFiles/CMakeTmp'
Building C object CMakeFiles/cmTC_3a5c1.dir/CheckFunctionExists.c.o
/usr/bin/x86_64-pc-linux-gnu-gcc-11.1.0   -DCHECK_FUNCTION_EXISTS=pthread_create -fPIE -o CMakeFiles/cmTC_3a5c1.dir/CheckFunctionExists.c.o -c /var/lib/snapd/snap/cmake/1000/share/cmake-3.22/Modules/CheckFunctionExists.c
Linking C executable cmTC_3a5c1
/var/lib/snapd/snap/cmake/1000/bin/cmake -E cmake_link_script CMakeFiles/cmTC_3a5c1.dir/link.txt --verbose=1
/usr/bin/x86_64-pc-linux-gnu-gcc-11.1.0  -DCHECK_FUNCTION_EXISTS=pthread_create CMakeFiles/cmTC_3a5c1.dir/CheckFunctionExists.c.o -o cmTC_3a5c1  -lpthreads 
/usr/bin/ld: cannot find -lpthreads
collect2: error: ld returned 1 exit status
make[1]: *** [CMakeFiles/cmTC_3a5c1.dir/build.make:99: cmTC_3a5c1] Błąd 1
make[1]: Opuszczenie katalogu '/home/d4nielix/Pulpit/PP01/build/CMakeFiles/CMakeTmp'
make: *** [Makefile:127: cmTC_3a5c1/fast] Błąd 2



Determining if the include file pthread.h exists failed with the following output:
Change Dir: C:/Users/danie/OneDrive/Dokumenty/Drugi stopień/Semestr 2/PSPR/PP01/build/CMakeFiles/CMakeTmp

Run Build Command(s):C:/PROGRA~1/MINGW-~1/X86_64~1.0-P/mingw64/bin/mingw32-make.exe -f Makefile cmTC_f8f0d/fast && C:/PROGRA~1/MINGW-~1/X86_64~1.0-P/mingw64/bin/mingw32-make.exe  -f CMakeFiles\cmTC_f8f0d.dir\build.make CMakeFiles/cmTC_f8f0d.dir/build
mingw32-make.exe[1]: Entering directory 'C:/Users/danie/OneDrive/Dokumenty/Drugi stopie˝/Semestr 2/PSPR/PP01/build/CMakeFiles/CMakeTmp'
Building C object CMakeFiles/cmTC_f8f0d.dir/CheckIncludeFile.c.obj
C:\PROGRA~1\MINGW-~1\X86_64~1.0-P\mingw64\bin\X8EAA8~1.EXE    -o CMakeFiles\cmTC_f8f0d.dir\CheckIncludeFile.c.obj -c "C:\Users\danie\OneDrive\Dokumenty\Drugi stopie┼ä\Semestr 2\PSPR\PP01\build\CMakeFiles\CMakeTmp\CheckIncludeFile.c"
X8EAA8~1.EXE: error: C:\Users\danie\OneDrive\Dokumenty\Drugi stopie┼ä\Semestr 2\PSPR\PP01\build\CMakeFiles\CMakeTmp\CheckIncludeFile.c: No such file or directory
X8EAA8~1.EXE: fatal error: no input files
compilation terminated.
mingw32-make.exe[1]: *** [CMakeFiles\cmTC_f8f0d.dir\build.make:77: CMakeFiles/cmTC_f8f0d.dir/CheckIncludeFile.c.obj] Error 1
mingw32-make.exe[1]: Leaving directory 'C:/Users/danie/OneDrive/Dokumenty/Drugi stopie˝/Semestr 2/PSPR/PP01/build/CMakeFiles/CMakeTmp'
mingw32-make.exe: *** [Makefile:126: cmTC_f8f0d/fast] Error 2



