The system is: Linux - 5.14.21-2-MANJARO - x86_64
Compiling the C compiler identification source file "CMakeCCompilerId.c" succeeded.
Compiler: /usr/bin/x86_64-pc-linux-gnu-gcc-11.1.0 
Build flags: 
Id flags:  

The output was:
0


Compilation of the C compiler identification source "CMakeCCompilerId.c" produced "a.out"

The C compiler identification is GNU, found in "/home/d4nielix/Pulpit/PP04/build/CMakeFiles/3.22.2/CompilerIdC/a.out"

Compiling the CXX compiler identification source file "CMakeCXXCompilerId.cpp" succeeded.
Compiler: /usr/bin/c++ 
Build flags: 
Id flags:  

The output was:
0


Compilation of the CXX compiler identification source "CMakeCXXCompilerId.cpp" produced "a.out"

The CXX compiler identification is GNU, found in "/home/d4nielix/Pulpit/PP04/build/CMakeFiles/3.22.2/CompilerIdCXX/a.out"

Detecting C compiler ABI info compiled with the following output:
Change Dir: /home/d4nielix/Pulpit/PP04/build/CMakeFiles/CMakeTmp

Run Build Command(s):/usr/bin/make -f Makefile cmTC_d3471/fast && /usr/bin/make  -f CMakeFiles/cmTC_d3471.dir/build.make CMakeFiles/cmTC_d3471.dir/build
make[1]: Entering directory '/home/d4nielix/Pulpit/PP04/build/CMakeFiles/CMakeTmp'
Building C object CMakeFiles/cmTC_d3471.dir/CMakeCCompilerABI.c.o
/usr/bin/x86_64-pc-linux-gnu-gcc-11.1.0   -v -o CMakeFiles/cmTC_d3471.dir/CMakeCCompilerABI.c.o -c /var/lib/snapd/snap/cmake/1005/share/cmake-3.22/Modules/CMakeCCompilerABI.c
Using built-in specs.
COLLECT_GCC=/usr/bin/x86_64-pc-linux-gnu-gcc-11.1.0
Target: x86_64-pc-linux-gnu
Configured with: /build/gcc/src/gcc/configure --prefix=/usr --libdir=/usr/lib --libexecdir=/usr/lib --mandir=/usr/share/man --infodir=/usr/share/info --with-bugurl=https://bugs.archlinux.org/ --enable-languages=c,c++,ada,fortran,go,lto,objc,obj-c++,d --with-isl --with-linker-hash-style=gnu --with-system-zlib --enable-__cxa_atexit --enable-cet=auto --enable-checking=release --enable-clocale=gnu --enable-default-pie --enable-default-ssp --enable-gnu-indirect-function --enable-gnu-unique-object --enable-install-libiberty --enable-linker-build-id --enable-lto --enable-multilib --enable-plugin --enable-shared --enable-threads=posix --disable-libssp --disable-libstdcxx-pch --disable-libunwind-exceptions --disable-werror gdc_include_dir=/usr/include/dlang/gdc
Thread model: posix
Supported LTO compression algorithms: zlib zstd
gcc version 11.1.0 (GCC) 
COLLECT_GCC_OPTIONS='-v' '-o' 'CMakeFiles/cmTC_d3471.dir/CMakeCCompilerABI.c.o' '-c' '-mtune=generic' '-march=x86-64' '-dumpdir' 'CMakeFiles/cmTC_d3471.dir/'
 /usr/lib/gcc/x86_64-pc-linux-gnu/11.1.0/cc1 -quiet -v /var/lib/snapd/snap/cmake/1005/share/cmake-3.22/Modules/CMakeCCompilerABI.c -quiet -dumpdir CMakeFiles/cmTC_d3471.dir/ -dumpbase CMakeCCompilerABI.c.c -dumpbase-ext .c -mtune=generic -march=x86-64 -version -o /tmp/cckRw8Df.s
GNU C17 (GCC) version 11.1.0 (x86_64-pc-linux-gnu)
	compiled by GNU C version 11.1.0, GMP version 6.2.1, MPFR version 4.1.0-p13, MPC version 1.2.1, isl version isl-0.24-GMP

GGC heuristics: --param ggc-min-expand=100 --param ggc-min-heapsize=131072
ignoring nonexistent directory "/usr/lib/gcc/x86_64-pc-linux-gnu/11.1.0/../../../../x86_64-pc-linux-gnu/include"
#include "..." search starts here:
#include <...> search starts here:
 /usr/lib/gcc/x86_64-pc-linux-gnu/11.1.0/include
 /usr/local/include
 /usr/lib/gcc/x86_64-pc-linux-gnu/11.1.0/include-fixed
 /usr/include
End of search list.
GNU C17 (GCC) version 11.1.0 (x86_64-pc-linux-gnu)
	compiled by GNU C version 11.1.0, GMP version 6.2.1, MPFR version 4.1.0-p13, MPC version 1.2.1, isl version isl-0.24-GMP

GGC heuristics: --param ggc-min-expand=100 --param ggc-min-heapsize=131072
Compiler executable checksum: ec1bc319e19ef4dd2d241e66d95d4739
COLLECT_GCC_OPTIONS='-v' '-o' 'CMakeFiles/cmTC_d3471.dir/CMakeCCompilerABI.c.o' '-c' '-mtune=generic' '-march=x86-64' '-dumpdir' 'CMakeFiles/cmTC_d3471.dir/'
 as -v --64 -o CMakeFiles/cmTC_d3471.dir/CMakeCCompilerABI.c.o /tmp/cckRw8Df.s
GNU assembler version 2.36.1 (x86_64-pc-linux-gnu) using BFD version (GNU Binutils) 2.36.1
COMPILER_PATH=/usr/lib/gcc/x86_64-pc-linux-gnu/11.1.0/:/usr/lib/gcc/x86_64-pc-linux-gnu/11.1.0/:/usr/lib/gcc/x86_64-pc-linux-gnu/:/usr/lib/gcc/x86_64-pc-linux-gnu/11.1.0/:/usr/lib/gcc/x86_64-pc-linux-gnu/
LIBRARY_PATH=/usr/lib/gcc/x86_64-pc-linux-gnu/11.1.0/:/usr/lib/gcc/x86_64-pc-linux-gnu/11.1.0/../../../../lib/:/lib/../lib/:/usr/lib/../lib/:/usr/lib/gcc/x86_64-pc-linux-gnu/11.1.0/../../../:/lib/:/usr/lib/
COLLECT_GCC_OPTIONS='-v' '-o' 'CMakeFiles/cmTC_d3471.dir/CMakeCCompilerABI.c.o' '-c' '-mtune=generic' '-march=x86-64' '-dumpdir' 'CMakeFiles/cmTC_d3471.dir/CMakeCCompilerABI.c.'
Linking C executable cmTC_d3471
/var/lib/snapd/snap/cmake/1005/bin/cmake -E cmake_link_script CMakeFiles/cmTC_d3471.dir/link.txt --verbose=1
/usr/bin/x86_64-pc-linux-gnu-gcc-11.1.0  -v CMakeFiles/cmTC_d3471.dir/CMakeCCompilerABI.c.o -o cmTC_d3471 
Using built-in specs.
COLLECT_GCC=/usr/bin/x86_64-pc-linux-gnu-gcc-11.1.0
COLLECT_LTO_WRAPPER=/usr/lib/gcc/x86_64-pc-linux-gnu/11.1.0/lto-wrapper
Target: x86_64-pc-linux-gnu
Configured with: /build/gcc/src/gcc/configure --prefix=/usr --libdir=/usr/lib --libexecdir=/usr/lib --mandir=/usr/share/man --infodir=/usr/share/info --with-bugurl=https://bugs.archlinux.org/ --enable-languages=c,c++,ada,fortran,go,lto,objc,obj-c++,d --with-isl --with-linker-hash-style=gnu --with-system-zlib --enable-__cxa_atexit --enable-cet=auto --enable-checking=release --enable-clocale=gnu --enable-default-pie --enable-default-ssp --enable-gnu-indirect-function --enable-gnu-unique-object --enable-install-libiberty --enable-linker-build-id --enable-lto --enable-multilib --enable-plugin --enable-shared --enable-threads=posix --disable-libssp --disable-libstdcxx-pch --disable-libunwind-exceptions --disable-werror gdc_include_dir=/usr/include/dlang/gdc
Thread model: posix
Supported LTO compression algorithms: zlib zstd
gcc version 11.1.0 (GCC) 
COMPILER_PATH=/usr/lib/gcc/x86_64-pc-linux-gnu/11.1.0/:/usr/lib/gcc/x86_64-pc-linux-gnu/11.1.0/:/usr/lib/gcc/x86_64-pc-linux-gnu/:/usr/lib/gcc/x86_64-pc-linux-gnu/11.1.0/:/usr/lib/gcc/x86_64-pc-linux-gnu/
LIBRARY_PATH=/usr/lib/gcc/x86_64-pc-linux-gnu/11.1.0/:/usr/lib/gcc/x86_64-pc-linux-gnu/11.1.0/../../../../lib/:/lib/../lib/:/usr/lib/../lib/:/usr/lib/gcc/x86_64-pc-linux-gnu/11.1.0/../../../:/lib/:/usr/lib/
COLLECT_GCC_OPTIONS='-v' '-o' 'cmTC_d3471' '-mtune=generic' '-march=x86-64' '-dumpdir' 'cmTC_d3471.'
 /usr/lib/gcc/x86_64-pc-linux-gnu/11.1.0/collect2 -plugin /usr/lib/gcc/x86_64-pc-linux-gnu/11.1.0/liblto_plugin.so -plugin-opt=/usr/lib/gcc/x86_64-pc-linux-gnu/11.1.0/lto-wrapper -plugin-opt=-fresolution=/tmp/ccLpIC6P.res -plugin-opt=-pass-through=-lgcc -plugin-opt=-pass-through=-lgcc_s -plugin-opt=-pass-through=-lc -plugin-opt=-pass-through=-lgcc -plugin-opt=-pass-through=-lgcc_s --build-id --eh-frame-hdr --hash-style=gnu -m elf_x86_64 -dynamic-linker /lib64/ld-linux-x86-64.so.2 -pie -o cmTC_d3471 /usr/lib/gcc/x86_64-pc-linux-gnu/11.1.0/../../../../lib/Scrt1.o /usr/lib/gcc/x86_64-pc-linux-gnu/11.1.0/../../../../lib/crti.o /usr/lib/gcc/x86_64-pc-linux-gnu/11.1.0/crtbeginS.o -L/usr/lib/gcc/x86_64-pc-linux-gnu/11.1.0 -L/usr/lib/gcc/x86_64-pc-linux-gnu/11.1.0/../../../../lib -L/lib/../lib -L/usr/lib/../lib -L/usr/lib/gcc/x86_64-pc-linux-gnu/11.1.0/../../.. CMakeFiles/cmTC_d3471.dir/CMakeCCompilerABI.c.o -lgcc --push-state --as-needed -lgcc_s --pop-state -lc -lgcc --push-state --as-needed -lgcc_s --pop-state /usr/lib/gcc/x86_64-pc-linux-gnu/11.1.0/crtendS.o /usr/lib/gcc/x86_64-pc-linux-gnu/11.1.0/../../../../lib/crtn.o
COLLECT_GCC_OPTIONS='-v' '-o' 'cmTC_d3471' '-mtune=generic' '-march=x86-64' '-dumpdir' 'cmTC_d3471.'
make[1]: Leaving directory '/home/d4nielix/Pulpit/PP04/build/CMakeFiles/CMakeTmp'



Parsed C implicit include dir info from above output: rv=done
  found start of include info
  found start of implicit include info
    add: [/usr/lib/gcc/x86_64-pc-linux-gnu/11.1.0/include]
    add: [/usr/local/include]
    add: [/usr/lib/gcc/x86_64-pc-linux-gnu/11.1.0/include-fixed]
    add: [/usr/include]
  end of search list found
  collapse include dir [/usr/lib/gcc/x86_64-pc-linux-gnu/11.1.0/include] ==> [/usr/lib/gcc/x86_64-pc-linux-gnu/11.1.0/include]
  collapse include dir [/usr/local/include] ==> [/usr/local/include]
  collapse include dir [/usr/lib/gcc/x86_64-pc-linux-gnu/11.1.0/include-fixed] ==> [/usr/lib/gcc/x86_64-pc-linux-gnu/11.1.0/include-fixed]
  collapse include dir [/usr/include] ==> [/usr/include]
  implicit include dirs: [/usr/lib/gcc/x86_64-pc-linux-gnu/11.1.0/include;/usr/local/include;/usr/lib/gcc/x86_64-pc-linux-gnu/11.1.0/include-fixed;/usr/include]


Parsed C implicit link information from above output:
  link line regex: [^( *|.*[/\])(ld|CMAKE_LINK_STARTFILE-NOTFOUND|([^/\]+-)?ld|collect2)[^/\]*( |$)]
  ignore line: [Change Dir: /home/d4nielix/Pulpit/PP04/build/CMakeFiles/CMakeTmp]
  ignore line: []
  ignore line: [Run Build Command(s):/usr/bin/make -f Makefile cmTC_d3471/fast && /usr/bin/make  -f CMakeFiles/cmTC_d3471.dir/build.make CMakeFiles/cmTC_d3471.dir/build]
  ignore line: [make[1]: Entering directory '/home/d4nielix/Pulpit/PP04/build/CMakeFiles/CMakeTmp']
  ignore line: [Building C object CMakeFiles/cmTC_d3471.dir/CMakeCCompilerABI.c.o]
  ignore line: [/usr/bin/x86_64-pc-linux-gnu-gcc-11.1.0   -v -o CMakeFiles/cmTC_d3471.dir/CMakeCCompilerABI.c.o -c /var/lib/snapd/snap/cmake/1005/share/cmake-3.22/Modules/CMakeCCompilerABI.c]
  ignore line: [Using built-in specs.]
  ignore line: [COLLECT_GCC=/usr/bin/x86_64-pc-linux-gnu-gcc-11.1.0]
  ignore line: [Target: x86_64-pc-linux-gnu]
  ignore line: [Configured with: /build/gcc/src/gcc/configure --prefix=/usr --libdir=/usr/lib --libexecdir=/usr/lib --mandir=/usr/share/man --infodir=/usr/share/info --with-bugurl=https://bugs.archlinux.org/ --enable-languages=c c++ ada fortran go lto objc obj-c++ d --with-isl --with-linker-hash-style=gnu --with-system-zlib --enable-__cxa_atexit --enable-cet=auto --enable-checking=release --enable-clocale=gnu --enable-default-pie --enable-default-ssp --enable-gnu-indirect-function --enable-gnu-unique-object --enable-install-libiberty --enable-linker-build-id --enable-lto --enable-multilib --enable-plugin --enable-shared --enable-threads=posix --disable-libssp --disable-libstdcxx-pch --disable-libunwind-exceptions --disable-werror gdc_include_dir=/usr/include/dlang/gdc]
  ignore line: [Thread model: posix]
  ignore line: [Supported LTO compression algorithms: zlib zstd]
  ignore line: [gcc version 11.1.0 (GCC) ]
  ignore line: [COLLECT_GCC_OPTIONS='-v' '-o' 'CMakeFiles/cmTC_d3471.dir/CMakeCCompilerABI.c.o' '-c' '-mtune=generic' '-march=x86-64' '-dumpdir' 'CMakeFiles/cmTC_d3471.dir/']
  ignore line: [ /usr/lib/gcc/x86_64-pc-linux-gnu/11.1.0/cc1 -quiet -v /var/lib/snapd/snap/cmake/1005/share/cmake-3.22/Modules/CMakeCCompilerABI.c -quiet -dumpdir CMakeFiles/cmTC_d3471.dir/ -dumpbase CMakeCCompilerABI.c.c -dumpbase-ext .c -mtune=generic -march=x86-64 -version -o /tmp/cckRw8Df.s]
  ignore line: [GNU C17 (GCC) version 11.1.0 (x86_64-pc-linux-gnu)]
  ignore line: [	compiled by GNU C version 11.1.0  GMP version 6.2.1  MPFR version 4.1.0-p13  MPC version 1.2.1  isl version isl-0.24-GMP]
  ignore line: []
  ignore line: [GGC heuristics: --param ggc-min-expand=100 --param ggc-min-heapsize=131072]
  ignore line: [ignoring nonexistent directory "/usr/lib/gcc/x86_64-pc-linux-gnu/11.1.0/../../../../x86_64-pc-linux-gnu/include"]
  ignore line: [#include "..." search starts here:]
  ignore line: [#include <...> search starts here:]
  ignore line: [ /usr/lib/gcc/x86_64-pc-linux-gnu/11.1.0/include]
  ignore line: [ /usr/local/include]
  ignore line: [ /usr/lib/gcc/x86_64-pc-linux-gnu/11.1.0/include-fixed]
  ignore line: [ /usr/include]
  ignore line: [End of search list.]
  ignore line: [GNU C17 (GCC) version 11.1.0 (x86_64-pc-linux-gnu)]
  ignore line: [	compiled by GNU C version 11.1.0  GMP version 6.2.1  MPFR version 4.1.0-p13  MPC version 1.2.1  isl version isl-0.24-GMP]
  ignore line: []
  ignore line: [GGC heuristics: --param ggc-min-expand=100 --param ggc-min-heapsize=131072]
  ignore line: [Compiler executable checksum: ec1bc319e19ef4dd2d241e66d95d4739]
  ignore line: [COLLECT_GCC_OPTIONS='-v' '-o' 'CMakeFiles/cmTC_d3471.dir/CMakeCCompilerABI.c.o' '-c' '-mtune=generic' '-march=x86-64' '-dumpdir' 'CMakeFiles/cmTC_d3471.dir/']
  ignore line: [ as -v --64 -o CMakeFiles/cmTC_d3471.dir/CMakeCCompilerABI.c.o /tmp/cckRw8Df.s]
  ignore line: [GNU assembler version 2.36.1 (x86_64-pc-linux-gnu) using BFD version (GNU Binutils) 2.36.1]
  ignore line: [COMPILER_PATH=/usr/lib/gcc/x86_64-pc-linux-gnu/11.1.0/:/usr/lib/gcc/x86_64-pc-linux-gnu/11.1.0/:/usr/lib/gcc/x86_64-pc-linux-gnu/:/usr/lib/gcc/x86_64-pc-linux-gnu/11.1.0/:/usr/lib/gcc/x86_64-pc-linux-gnu/]
  ignore line: [LIBRARY_PATH=/usr/lib/gcc/x86_64-pc-linux-gnu/11.1.0/:/usr/lib/gcc/x86_64-pc-linux-gnu/11.1.0/../../../../lib/:/lib/../lib/:/usr/lib/../lib/:/usr/lib/gcc/x86_64-pc-linux-gnu/11.1.0/../../../:/lib/:/usr/lib/]
  ignore line: [COLLECT_GCC_OPTIONS='-v' '-o' 'CMakeFiles/cmTC_d3471.dir/CMakeCCompilerABI.c.o' '-c' '-mtune=generic' '-march=x86-64' '-dumpdir' 'CMakeFiles/cmTC_d3471.dir/CMakeCCompilerABI.c.']
  ignore line: [Linking C executable cmTC_d3471]
  ignore line: [/var/lib/snapd/snap/cmake/1005/bin/cmake -E cmake_link_script CMakeFiles/cmTC_d3471.dir/link.txt --verbose=1]
  ignore line: [/usr/bin/x86_64-pc-linux-gnu-gcc-11.1.0  -v CMakeFiles/cmTC_d3471.dir/CMakeCCompilerABI.c.o -o cmTC_d3471 ]
  ignore line: [Using built-in specs.]
  ignore line: [COLLECT_GCC=/usr/bin/x86_64-pc-linux-gnu-gcc-11.1.0]
  ignore line: [COLLECT_LTO_WRAPPER=/usr/lib/gcc/x86_64-pc-linux-gnu/11.1.0/lto-wrapper]
  ignore line: [Target: x86_64-pc-linux-gnu]
  ignore line: [Configured with: /build/gcc/src/gcc/configure --prefix=/usr --libdir=/usr/lib --libexecdir=/usr/lib --mandir=/usr/share/man --infodir=/usr/share/info --with-bugurl=https://bugs.archlinux.org/ --enable-languages=c c++ ada fortran go lto objc obj-c++ d --with-isl --with-linker-hash-style=gnu --with-system-zlib --enable-__cxa_atexit --enable-cet=auto --enable-checking=release --enable-clocale=gnu --enable-default-pie --enable-default-ssp --enable-gnu-indirect-function --enable-gnu-unique-object --enable-install-libiberty --enable-linker-build-id --enable-lto --enable-multilib --enable-plugin --enable-shared --enable-threads=posix --disable-libssp --disable-libstdcxx-pch --disable-libunwind-exceptions --disable-werror gdc_include_dir=/usr/include/dlang/gdc]
  ignore line: [Thread model: posix]
  ignore line: [Supported LTO compression algorithms: zlib zstd]
  ignore line: [gcc version 11.1.0 (GCC) ]
  ignore line: [COMPILER_PATH=/usr/lib/gcc/x86_64-pc-linux-gnu/11.1.0/:/usr/lib/gcc/x86_64-pc-linux-gnu/11.1.0/:/usr/lib/gcc/x86_64-pc-linux-gnu/:/usr/lib/gcc/x86_64-pc-linux-gnu/11.1.0/:/usr/lib/gcc/x86_64-pc-linux-gnu/]
  ignore line: [LIBRARY_PATH=/usr/lib/gcc/x86_64-pc-linux-gnu/11.1.0/:/usr/lib/gcc/x86_64-pc-linux-gnu/11.1.0/../../../../lib/:/lib/../lib/:/usr/lib/../lib/:/usr/lib/gcc/x86_64-pc-linux-gnu/11.1.0/../../../:/lib/:/usr/lib/]
  ignore line: [COLLECT_GCC_OPTIONS='-v' '-o' 'cmTC_d3471' '-mtune=generic' '-march=x86-64' '-dumpdir' 'cmTC_d3471.']
  link line: [ /usr/lib/gcc/x86_64-pc-linux-gnu/11.1.0/collect2 -plugin /usr/lib/gcc/x86_64-pc-linux-gnu/11.1.0/liblto_plugin.so -plugin-opt=/usr/lib/gcc/x86_64-pc-linux-gnu/11.1.0/lto-wrapper -plugin-opt=-fresolution=/tmp/ccLpIC6P.res -plugin-opt=-pass-through=-lgcc -plugin-opt=-pass-through=-lgcc_s -plugin-opt=-pass-through=-lc -plugin-opt=-pass-through=-lgcc -plugin-opt=-pass-through=-lgcc_s --build-id --eh-frame-hdr --hash-style=gnu -m elf_x86_64 -dynamic-linker /lib64/ld-linux-x86-64.so.2 -pie -o cmTC_d3471 /usr/lib/gcc/x86_64-pc-linux-gnu/11.1.0/../../../../lib/Scrt1.o /usr/lib/gcc/x86_64-pc-linux-gnu/11.1.0/../../../../lib/crti.o /usr/lib/gcc/x86_64-pc-linux-gnu/11.1.0/crtbeginS.o -L/usr/lib/gcc/x86_64-pc-linux-gnu/11.1.0 -L/usr/lib/gcc/x86_64-pc-linux-gnu/11.1.0/../../../../lib -L/lib/../lib -L/usr/lib/../lib -L/usr/lib/gcc/x86_64-pc-linux-gnu/11.1.0/../../.. CMakeFiles/cmTC_d3471.dir/CMakeCCompilerABI.c.o -lgcc --push-state --as-needed -lgcc_s --pop-state -lc -lgcc --push-state --as-needed -lgcc_s --pop-state /usr/lib/gcc/x86_64-pc-linux-gnu/11.1.0/crtendS.o /usr/lib/gcc/x86_64-pc-linux-gnu/11.1.0/../../../../lib/crtn.o]
    arg [/usr/lib/gcc/x86_64-pc-linux-gnu/11.1.0/collect2] ==> ignore
    arg [-plugin] ==> ignore
    arg [/usr/lib/gcc/x86_64-pc-linux-gnu/11.1.0/liblto_plugin.so] ==> ignore
    arg [-plugin-opt=/usr/lib/gcc/x86_64-pc-linux-gnu/11.1.0/lto-wrapper] ==> ignore
    arg [-plugin-opt=-fresolution=/tmp/ccLpIC6P.res] ==> ignore
    arg [-plugin-opt=-pass-through=-lgcc] ==> ignore
    arg [-plugin-opt=-pass-through=-lgcc_s] ==> ignore
    arg [-plugin-opt=-pass-through=-lc] ==> ignore
    arg [-plugin-opt=-pass-through=-lgcc] ==> ignore
    arg [-plugin-opt=-pass-through=-lgcc_s] ==> ignore
    arg [--build-id] ==> ignore
    arg [--eh-frame-hdr] ==> ignore
    arg [--hash-style=gnu] ==> ignore
    arg [-m] ==> ignore
    arg [elf_x86_64] ==> ignore
    arg [-dynamic-linker] ==> ignore
    arg [/lib64/ld-linux-x86-64.so.2] ==> ignore
    arg [-pie] ==> ignore
    arg [-o] ==> ignore
    arg [cmTC_d3471] ==> ignore
    arg [/usr/lib/gcc/x86_64-pc-linux-gnu/11.1.0/../../../../lib/Scrt1.o] ==> obj [/usr/lib/gcc/x86_64-pc-linux-gnu/11.1.0/../../../../lib/Scrt1.o]
    arg [/usr/lib/gcc/x86_64-pc-linux-gnu/11.1.0/../../../../lib/crti.o] ==> obj [/usr/lib/gcc/x86_64-pc-linux-gnu/11.1.0/../../../../lib/crti.o]
    arg [/usr/lib/gcc/x86_64-pc-linux-gnu/11.1.0/crtbeginS.o] ==> obj [/usr/lib/gcc/x86_64-pc-linux-gnu/11.1.0/crtbeginS.o]
    arg [-L/usr/lib/gcc/x86_64-pc-linux-gnu/11.1.0] ==> dir [/usr/lib/gcc/x86_64-pc-linux-gnu/11.1.0]
    arg [-L/usr/lib/gcc/x86_64-pc-linux-gnu/11.1.0/../../../../lib] ==> dir [/usr/lib/gcc/x86_64-pc-linux-gnu/11.1.0/../../../../lib]
    arg [-L/lib/../lib] ==> dir [/lib/../lib]
    arg [-L/usr/lib/../lib] ==> dir [/usr/lib/../lib]
    arg [-L/usr/lib/gcc/x86_64-pc-linux-gnu/11.1.0/../../..] ==> dir [/usr/lib/gcc/x86_64-pc-linux-gnu/11.1.0/../../..]
    arg [CMakeFiles/cmTC_d3471.dir/CMakeCCompilerABI.c.o] ==> ignore
    arg [-lgcc] ==> lib [gcc]
    arg [--push-state] ==> ignore
    arg [--as-needed] ==> ignore
    arg [-lgcc_s] ==> lib [gcc_s]
    arg [--pop-state] ==> ignore
    arg [-lc] ==> lib [c]
    arg [-lgcc] ==> lib [gcc]
    arg [--push-state] ==> ignore
    arg [--as-needed] ==> ignore
    arg [-lgcc_s] ==> lib [gcc_s]
    arg [--pop-state] ==> ignore
    arg [/usr/lib/gcc/x86_64-pc-linux-gnu/11.1.0/crtendS.o] ==> obj [/usr/lib/gcc/x86_64-pc-linux-gnu/11.1.0/crtendS.o]
    arg [/usr/lib/gcc/x86_64-pc-linux-gnu/11.1.0/../../../../lib/crtn.o] ==> obj [/usr/lib/gcc/x86_64-pc-linux-gnu/11.1.0/../../../../lib/crtn.o]
  collapse obj [/usr/lib/gcc/x86_64-pc-linux-gnu/11.1.0/../../../../lib/Scrt1.o] ==> [/usr/lib/Scrt1.o]
  collapse obj [/usr/lib/gcc/x86_64-pc-linux-gnu/11.1.0/../../../../lib/crti.o] ==> [/usr/lib/crti.o]
  collapse obj [/usr/lib/gcc/x86_64-pc-linux-gnu/11.1.0/../../../../lib/crtn.o] ==> [/usr/lib/crtn.o]
  collapse library dir [/usr/lib/gcc/x86_64-pc-linux-gnu/11.1.0] ==> [/usr/lib/gcc/x86_64-pc-linux-gnu/11.1.0]
  collapse library dir [/usr/lib/gcc/x86_64-pc-linux-gnu/11.1.0/../../../../lib] ==> [/usr/lib]
  collapse library dir [/lib/../lib] ==> [/lib]
  collapse library dir [/usr/lib/../lib] ==> [/usr/lib]
  collapse library dir [/usr/lib/gcc/x86_64-pc-linux-gnu/11.1.0/../../..] ==> [/usr/lib]
  implicit libs: [gcc;gcc_s;c;gcc;gcc_s]
  implicit objs: [/usr/lib/Scrt1.o;/usr/lib/crti.o;/usr/lib/gcc/x86_64-pc-linux-gnu/11.1.0/crtbeginS.o;/usr/lib/gcc/x86_64-pc-linux-gnu/11.1.0/crtendS.o;/usr/lib/crtn.o]
  implicit dirs: [/usr/lib/gcc/x86_64-pc-linux-gnu/11.1.0;/usr/lib;/lib]
  implicit fwks: []


Detecting CXX compiler ABI info compiled with the following output:
Change Dir: /home/d4nielix/Pulpit/PP04/build/CMakeFiles/CMakeTmp

Run Build Command(s):/usr/bin/make -f Makefile cmTC_9bf02/fast && /usr/bin/make  -f CMakeFiles/cmTC_9bf02.dir/build.make CMakeFiles/cmTC_9bf02.dir/build
make[1]: Entering directory '/home/d4nielix/Pulpit/PP04/build/CMakeFiles/CMakeTmp'
Building CXX object CMakeFiles/cmTC_9bf02.dir/CMakeCXXCompilerABI.cpp.o
/usr/bin/c++   -v -o CMakeFiles/cmTC_9bf02.dir/CMakeCXXCompilerABI.cpp.o -c /var/lib/snapd/snap/cmake/1005/share/cmake-3.22/Modules/CMakeCXXCompilerABI.cpp
Using built-in specs.
COLLECT_GCC=/usr/bin/c++
Target: x86_64-pc-linux-gnu
Configured with: /build/gcc/src/gcc/configure --prefix=/usr --libdir=/usr/lib --libexecdir=/usr/lib --mandir=/usr/share/man --infodir=/usr/share/info --with-bugurl=https://bugs.archlinux.org/ --enable-languages=c,c++,ada,fortran,go,lto,objc,obj-c++,d --with-isl --with-linker-hash-style=gnu --with-system-zlib --enable-__cxa_atexit --enable-cet=auto --enable-checking=release --enable-clocale=gnu --enable-default-pie --enable-default-ssp --enable-gnu-indirect-function --enable-gnu-unique-object --enable-install-libiberty --enable-linker-build-id --enable-lto --enable-multilib --enable-plugin --enable-shared --enable-threads=posix --disable-libssp --disable-libstdcxx-pch --disable-libunwind-exceptions --disable-werror gdc_include_dir=/usr/include/dlang/gdc
Thread model: posix
Supported LTO compression algorithms: zlib zstd
gcc version 11.1.0 (GCC) 
COLLECT_GCC_OPTIONS='-v' '-o' 'CMakeFiles/cmTC_9bf02.dir/CMakeCXXCompilerABI.cpp.o' '-c' '-shared-libgcc' '-mtune=generic' '-march=x86-64' '-dumpdir' 'CMakeFiles/cmTC_9bf02.dir/'
 /usr/lib/gcc/x86_64-pc-linux-gnu/11.1.0/cc1plus -quiet -v -D_GNU_SOURCE /var/lib/snapd/snap/cmake/1005/share/cmake-3.22/Modules/CMakeCXXCompilerABI.cpp -quiet -dumpdir CMakeFiles/cmTC_9bf02.dir/ -dumpbase CMakeCXXCompilerABI.cpp.cpp -dumpbase-ext .cpp -mtune=generic -march=x86-64 -version -o /tmp/ccE2I7r8.s
GNU C++17 (GCC) version 11.1.0 (x86_64-pc-linux-gnu)
	compiled by GNU C version 11.1.0, GMP version 6.2.1, MPFR version 4.1.0-p13, MPC version 1.2.1, isl version isl-0.24-GMP

GGC heuristics: --param ggc-min-expand=100 --param ggc-min-heapsize=131072
ignoring nonexistent directory "/usr/lib/gcc/x86_64-pc-linux-gnu/11.1.0/../../../../x86_64-pc-linux-gnu/include"
#include "..." search starts here:
#include <...> search starts here:
 /usr/lib/gcc/x86_64-pc-linux-gnu/11.1.0/../../../../include/c++/11.1.0
 /usr/lib/gcc/x86_64-pc-linux-gnu/11.1.0/../../../../include/c++/11.1.0/x86_64-pc-linux-gnu
 /usr/lib/gcc/x86_64-pc-linux-gnu/11.1.0/../../../../include/c++/11.1.0/backward
 /usr/lib/gcc/x86_64-pc-linux-gnu/11.1.0/include
 /usr/local/include
 /usr/lib/gcc/x86_64-pc-linux-gnu/11.1.0/include-fixed
 /usr/include
End of search list.
GNU C++17 (GCC) version 11.1.0 (x86_64-pc-linux-gnu)
	compiled by GNU C version 11.1.0, GMP version 6.2.1, MPFR version 4.1.0-p13, MPC version 1.2.1, isl version isl-0.24-GMP

GGC heuristics: --param ggc-min-expand=100 --param ggc-min-heapsize=131072
Compiler executable checksum: e6d85a433da2a6385241e28f4582b1d3
COLLECT_GCC_OPTIONS='-v' '-o' 'CMakeFiles/cmTC_9bf02.dir/CMakeCXXCompilerABI.cpp.o' '-c' '-shared-libgcc' '-mtune=generic' '-march=x86-64' '-dumpdir' 'CMakeFiles/cmTC_9bf02.dir/'
 as -v --64 -o CMakeFiles/cmTC_9bf02.dir/CMakeCXXCompilerABI.cpp.o /tmp/ccE2I7r8.s
GNU assembler version 2.36.1 (x86_64-pc-linux-gnu) using BFD version (GNU Binutils) 2.36.1
COMPILER_PATH=/usr/lib/gcc/x86_64-pc-linux-gnu/11.1.0/:/usr/lib/gcc/x86_64-pc-linux-gnu/11.1.0/:/usr/lib/gcc/x86_64-pc-linux-gnu/:/usr/lib/gcc/x86_64-pc-linux-gnu/11.1.0/:/usr/lib/gcc/x86_64-pc-linux-gnu/
LIBRARY_PATH=/usr/lib/gcc/x86_64-pc-linux-gnu/11.1.0/:/usr/lib/gcc/x86_64-pc-linux-gnu/11.1.0/../../../../lib/:/lib/../lib/:/usr/lib/../lib/:/usr/lib/gcc/x86_64-pc-linux-gnu/11.1.0/../../../:/lib/:/usr/lib/
COLLECT_GCC_OPTIONS='-v' '-o' 'CMakeFiles/cmTC_9bf02.dir/CMakeCXXCompilerABI.cpp.o' '-c' '-shared-libgcc' '-mtune=generic' '-march=x86-64' '-dumpdir' 'CMakeFiles/cmTC_9bf02.dir/CMakeCXXCompilerABI.cpp.'
Linking CXX executable cmTC_9bf02
/var/lib/snapd/snap/cmake/1005/bin/cmake -E cmake_link_script CMakeFiles/cmTC_9bf02.dir/link.txt --verbose=1
/usr/bin/c++  -v CMakeFiles/cmTC_9bf02.dir/CMakeCXXCompilerABI.cpp.o -o cmTC_9bf02 
Using built-in specs.
COLLECT_GCC=/usr/bin/c++
COLLECT_LTO_WRAPPER=/usr/lib/gcc/x86_64-pc-linux-gnu/11.1.0/lto-wrapper
Target: x86_64-pc-linux-gnu
Configured with: /build/gcc/src/gcc/configure --prefix=/usr --libdir=/usr/lib --libexecdir=/usr/lib --mandir=/usr/share/man --infodir=/usr/share/info --with-bugurl=https://bugs.archlinux.org/ --enable-languages=c,c++,ada,fortran,go,lto,objc,obj-c++,d --with-isl --with-linker-hash-style=gnu --with-system-zlib --enable-__cxa_atexit --enable-cet=auto --enable-checking=release --enable-clocale=gnu --enable-default-pie --enable-default-ssp --enable-gnu-indirect-function --enable-gnu-unique-object --enable-install-libiberty --enable-linker-build-id --enable-lto --enable-multilib --enable-plugin --enable-shared --enable-threads=posix --disable-libssp --disable-libstdcxx-pch --disable-libunwind-exceptions --disable-werror gdc_include_dir=/usr/include/dlang/gdc
Thread model: posix
Supported LTO compression algorithms: zlib zstd
gcc version 11.1.0 (GCC) 
COMPILER_PATH=/usr/lib/gcc/x86_64-pc-linux-gnu/11.1.0/:/usr/lib/gcc/x86_64-pc-linux-gnu/11.1.0/:/usr/lib/gcc/x86_64-pc-linux-gnu/:/usr/lib/gcc/x86_64-pc-linux-gnu/11.1.0/:/usr/lib/gcc/x86_64-pc-linux-gnu/
LIBRARY_PATH=/usr/lib/gcc/x86_64-pc-linux-gnu/11.1.0/:/usr/lib/gcc/x86_64-pc-linux-gnu/11.1.0/../../../../lib/:/lib/../lib/:/usr/lib/../lib/:/usr/lib/gcc/x86_64-pc-linux-gnu/11.1.0/../../../:/lib/:/usr/lib/
COLLECT_GCC_OPTIONS='-v' '-o' 'cmTC_9bf02' '-shared-libgcc' '-mtune=generic' '-march=x86-64' '-dumpdir' 'cmTC_9bf02.'
 /usr/lib/gcc/x86_64-pc-linux-gnu/11.1.0/collect2 -plugin /usr/lib/gcc/x86_64-pc-linux-gnu/11.1.0/liblto_plugin.so -plugin-opt=/usr/lib/gcc/x86_64-pc-linux-gnu/11.1.0/lto-wrapper -plugin-opt=-fresolution=/tmp/cc6Vz432.res -plugin-opt=-pass-through=-lgcc_s -plugin-opt=-pass-through=-lgcc -plugin-opt=-pass-through=-lc -plugin-opt=-pass-through=-lgcc_s -plugin-opt=-pass-through=-lgcc --build-id --eh-frame-hdr --hash-style=gnu -m elf_x86_64 -dynamic-linker /lib64/ld-linux-x86-64.so.2 -pie -o cmTC_9bf02 /usr/lib/gcc/x86_64-pc-linux-gnu/11.1.0/../../../../lib/Scrt1.o /usr/lib/gcc/x86_64-pc-linux-gnu/11.1.0/../../../../lib/crti.o /usr/lib/gcc/x86_64-pc-linux-gnu/11.1.0/crtbeginS.o -L/usr/lib/gcc/x86_64-pc-linux-gnu/11.1.0 -L/usr/lib/gcc/x86_64-pc-linux-gnu/11.1.0/../../../../lib -L/lib/../lib -L/usr/lib/../lib -L/usr/lib/gcc/x86_64-pc-linux-gnu/11.1.0/../../.. CMakeFiles/cmTC_9bf02.dir/CMakeCXXCompilerABI.cpp.o -lstdc++ -lm -lgcc_s -lgcc -lc -lgcc_s -lgcc /usr/lib/gcc/x86_64-pc-linux-gnu/11.1.0/crtendS.o /usr/lib/gcc/x86_64-pc-linux-gnu/11.1.0/../../../../lib/crtn.o
COLLECT_GCC_OPTIONS='-v' '-o' 'cmTC_9bf02' '-shared-libgcc' '-mtune=generic' '-march=x86-64' '-dumpdir' 'cmTC_9bf02.'
make[1]: Leaving directory '/home/d4nielix/Pulpit/PP04/build/CMakeFiles/CMakeTmp'



Parsed CXX implicit include dir info from above output: rv=done
  found start of include info
  found start of implicit include info
    add: [/usr/lib/gcc/x86_64-pc-linux-gnu/11.1.0/../../../../include/c++/11.1.0]
    add: [/usr/lib/gcc/x86_64-pc-linux-gnu/11.1.0/../../../../include/c++/11.1.0/x86_64-pc-linux-gnu]
    add: [/usr/lib/gcc/x86_64-pc-linux-gnu/11.1.0/../../../../include/c++/11.1.0/backward]
    add: [/usr/lib/gcc/x86_64-pc-linux-gnu/11.1.0/include]
    add: [/usr/local/include]
    add: [/usr/lib/gcc/x86_64-pc-linux-gnu/11.1.0/include-fixed]
    add: [/usr/include]
  end of search list found
  collapse include dir [/usr/lib/gcc/x86_64-pc-linux-gnu/11.1.0/../../../../include/c++/11.1.0] ==> [/usr/include/c++/11.1.0]
  collapse include dir [/usr/lib/gcc/x86_64-pc-linux-gnu/11.1.0/../../../../include/c++/11.1.0/x86_64-pc-linux-gnu] ==> [/usr/include/c++/11.1.0/x86_64-pc-linux-gnu]
  collapse include dir [/usr/lib/gcc/x86_64-pc-linux-gnu/11.1.0/../../../../include/c++/11.1.0/backward] ==> [/usr/include/c++/11.1.0/backward]
  collapse include dir [/usr/lib/gcc/x86_64-pc-linux-gnu/11.1.0/include] ==> [/usr/lib/gcc/x86_64-pc-linux-gnu/11.1.0/include]
  collapse include dir [/usr/local/include] ==> [/usr/local/include]
  collapse include dir [/usr/lib/gcc/x86_64-pc-linux-gnu/11.1.0/include-fixed] ==> [/usr/lib/gcc/x86_64-pc-linux-gnu/11.1.0/include-fixed]
  collapse include dir [/usr/include] ==> [/usr/include]
  implicit include dirs: [/usr/include/c++/11.1.0;/usr/include/c++/11.1.0/x86_64-pc-linux-gnu;/usr/include/c++/11.1.0/backward;/usr/lib/gcc/x86_64-pc-linux-gnu/11.1.0/include;/usr/local/include;/usr/lib/gcc/x86_64-pc-linux-gnu/11.1.0/include-fixed;/usr/include]


Parsed CXX implicit link information from above output:
  link line regex: [^( *|.*[/\])(ld|CMAKE_LINK_STARTFILE-NOTFOUND|([^/\]+-)?ld|collect2)[^/\]*( |$)]
  ignore line: [Change Dir: /home/d4nielix/Pulpit/PP04/build/CMakeFiles/CMakeTmp]
  ignore line: []
  ignore line: [Run Build Command(s):/usr/bin/make -f Makefile cmTC_9bf02/fast && /usr/bin/make  -f CMakeFiles/cmTC_9bf02.dir/build.make CMakeFiles/cmTC_9bf02.dir/build]
  ignore line: [make[1]: Entering directory '/home/d4nielix/Pulpit/PP04/build/CMakeFiles/CMakeTmp']
  ignore line: [Building CXX object CMakeFiles/cmTC_9bf02.dir/CMakeCXXCompilerABI.cpp.o]
  ignore line: [/usr/bin/c++   -v -o CMakeFiles/cmTC_9bf02.dir/CMakeCXXCompilerABI.cpp.o -c /var/lib/snapd/snap/cmake/1005/share/cmake-3.22/Modules/CMakeCXXCompilerABI.cpp]
  ignore line: [Using built-in specs.]
  ignore line: [COLLECT_GCC=/usr/bin/c++]
  ignore line: [Target: x86_64-pc-linux-gnu]
  ignore line: [Configured with: /build/gcc/src/gcc/configure --prefix=/usr --libdir=/usr/lib --libexecdir=/usr/lib --mandir=/usr/share/man --infodir=/usr/share/info --with-bugurl=https://bugs.archlinux.org/ --enable-languages=c c++ ada fortran go lto objc obj-c++ d --with-isl --with-linker-hash-style=gnu --with-system-zlib --enable-__cxa_atexit --enable-cet=auto --enable-checking=release --enable-clocale=gnu --enable-default-pie --enable-default-ssp --enable-gnu-indirect-function --enable-gnu-unique-object --enable-install-libiberty --enable-linker-build-id --enable-lto --enable-multilib --enable-plugin --enable-shared --enable-threads=posix --disable-libssp --disable-libstdcxx-pch --disable-libunwind-exceptions --disable-werror gdc_include_dir=/usr/include/dlang/gdc]
  ignore line: [Thread model: posix]
  ignore line: [Supported LTO compression algorithms: zlib zstd]
  ignore line: [gcc version 11.1.0 (GCC) ]
  ignore line: [COLLECT_GCC_OPTIONS='-v' '-o' 'CMakeFiles/cmTC_9bf02.dir/CMakeCXXCompilerABI.cpp.o' '-c' '-shared-libgcc' '-mtune=generic' '-march=x86-64' '-dumpdir' 'CMakeFiles/cmTC_9bf02.dir/']
  ignore line: [ /usr/lib/gcc/x86_64-pc-linux-gnu/11.1.0/cc1plus -quiet -v -D_GNU_SOURCE /var/lib/snapd/snap/cmake/1005/share/cmake-3.22/Modules/CMakeCXXCompilerABI.cpp -quiet -dumpdir CMakeFiles/cmTC_9bf02.dir/ -dumpbase CMakeCXXCompilerABI.cpp.cpp -dumpbase-ext .cpp -mtune=generic -march=x86-64 -version -o /tmp/ccE2I7r8.s]
  ignore line: [GNU C++17 (GCC) version 11.1.0 (x86_64-pc-linux-gnu)]
  ignore line: [	compiled by GNU C version 11.1.0  GMP version 6.2.1  MPFR version 4.1.0-p13  MPC version 1.2.1  isl version isl-0.24-GMP]
  ignore line: []
  ignore line: [GGC heuristics: --param ggc-min-expand=100 --param ggc-min-heapsize=131072]
  ignore line: [ignoring nonexistent directory "/usr/lib/gcc/x86_64-pc-linux-gnu/11.1.0/../../../../x86_64-pc-linux-gnu/include"]
  ignore line: [#include "..." search starts here:]
  ignore line: [#include <...> search starts here:]
  ignore line: [ /usr/lib/gcc/x86_64-pc-linux-gnu/11.1.0/../../../../include/c++/11.1.0]
  ignore line: [ /usr/lib/gcc/x86_64-pc-linux-gnu/11.1.0/../../../../include/c++/11.1.0/x86_64-pc-linux-gnu]
  ignore line: [ /usr/lib/gcc/x86_64-pc-linux-gnu/11.1.0/../../../../include/c++/11.1.0/backward]
  ignore line: [ /usr/lib/gcc/x86_64-pc-linux-gnu/11.1.0/include]
  ignore line: [ /usr/local/include]
  ignore line: [ /usr/lib/gcc/x86_64-pc-linux-gnu/11.1.0/include-fixed]
  ignore line: [ /usr/include]
  ignore line: [End of search list.]
  ignore line: [GNU C++17 (GCC) version 11.1.0 (x86_64-pc-linux-gnu)]
  ignore line: [	compiled by GNU C version 11.1.0  GMP version 6.2.1  MPFR version 4.1.0-p13  MPC version 1.2.1  isl version isl-0.24-GMP]
  ignore line: []
  ignore line: [GGC heuristics: --param ggc-min-expand=100 --param ggc-min-heapsize=131072]
  ignore line: [Compiler executable checksum: e6d85a433da2a6385241e28f4582b1d3]
  ignore line: [COLLECT_GCC_OPTIONS='-v' '-o' 'CMakeFiles/cmTC_9bf02.dir/CMakeCXXCompilerABI.cpp.o' '-c' '-shared-libgcc' '-mtune=generic' '-march=x86-64' '-dumpdir' 'CMakeFiles/cmTC_9bf02.dir/']
  ignore line: [ as -v --64 -o CMakeFiles/cmTC_9bf02.dir/CMakeCXXCompilerABI.cpp.o /tmp/ccE2I7r8.s]
  ignore line: [GNU assembler version 2.36.1 (x86_64-pc-linux-gnu) using BFD version (GNU Binutils) 2.36.1]
  ignore line: [COMPILER_PATH=/usr/lib/gcc/x86_64-pc-linux-gnu/11.1.0/:/usr/lib/gcc/x86_64-pc-linux-gnu/11.1.0/:/usr/lib/gcc/x86_64-pc-linux-gnu/:/usr/lib/gcc/x86_64-pc-linux-gnu/11.1.0/:/usr/lib/gcc/x86_64-pc-linux-gnu/]
  ignore line: [LIBRARY_PATH=/usr/lib/gcc/x86_64-pc-linux-gnu/11.1.0/:/usr/lib/gcc/x86_64-pc-linux-gnu/11.1.0/../../../../lib/:/lib/../lib/:/usr/lib/../lib/:/usr/lib/gcc/x86_64-pc-linux-gnu/11.1.0/../../../:/lib/:/usr/lib/]
  ignore line: [COLLECT_GCC_OPTIONS='-v' '-o' 'CMakeFiles/cmTC_9bf02.dir/CMakeCXXCompilerABI.cpp.o' '-c' '-shared-libgcc' '-mtune=generic' '-march=x86-64' '-dumpdir' 'CMakeFiles/cmTC_9bf02.dir/CMakeCXXCompilerABI.cpp.']
  ignore line: [Linking CXX executable cmTC_9bf02]
  ignore line: [/var/lib/snapd/snap/cmake/1005/bin/cmake -E cmake_link_script CMakeFiles/cmTC_9bf02.dir/link.txt --verbose=1]
  ignore line: [/usr/bin/c++  -v CMakeFiles/cmTC_9bf02.dir/CMakeCXXCompilerABI.cpp.o -o cmTC_9bf02 ]
  ignore line: [Using built-in specs.]
  ignore line: [COLLECT_GCC=/usr/bin/c++]
  ignore line: [COLLECT_LTO_WRAPPER=/usr/lib/gcc/x86_64-pc-linux-gnu/11.1.0/lto-wrapper]
  ignore line: [Target: x86_64-pc-linux-gnu]
  ignore line: [Configured with: /build/gcc/src/gcc/configure --prefix=/usr --libdir=/usr/lib --libexecdir=/usr/lib --mandir=/usr/share/man --infodir=/usr/share/info --with-bugurl=https://bugs.archlinux.org/ --enable-languages=c c++ ada fortran go lto objc obj-c++ d --with-isl --with-linker-hash-style=gnu --with-system-zlib --enable-__cxa_atexit --enable-cet=auto --enable-checking=release --enable-clocale=gnu --enable-default-pie --enable-default-ssp --enable-gnu-indirect-function --enable-gnu-unique-object --enable-install-libiberty --enable-linker-build-id --enable-lto --enable-multilib --enable-plugin --enable-shared --enable-threads=posix --disable-libssp --disable-libstdcxx-pch --disable-libunwind-exceptions --disable-werror gdc_include_dir=/usr/include/dlang/gdc]
  ignore line: [Thread model: posix]
  ignore line: [Supported LTO compression algorithms: zlib zstd]
  ignore line: [gcc version 11.1.0 (GCC) ]
  ignore line: [COMPILER_PATH=/usr/lib/gcc/x86_64-pc-linux-gnu/11.1.0/:/usr/lib/gcc/x86_64-pc-linux-gnu/11.1.0/:/usr/lib/gcc/x86_64-pc-linux-gnu/:/usr/lib/gcc/x86_64-pc-linux-gnu/11.1.0/:/usr/lib/gcc/x86_64-pc-linux-gnu/]
  ignore line: [LIBRARY_PATH=/usr/lib/gcc/x86_64-pc-linux-gnu/11.1.0/:/usr/lib/gcc/x86_64-pc-linux-gnu/11.1.0/../../../../lib/:/lib/../lib/:/usr/lib/../lib/:/usr/lib/gcc/x86_64-pc-linux-gnu/11.1.0/../../../:/lib/:/usr/lib/]
  ignore line: [COLLECT_GCC_OPTIONS='-v' '-o' 'cmTC_9bf02' '-shared-libgcc' '-mtune=generic' '-march=x86-64' '-dumpdir' 'cmTC_9bf02.']
  link line: [ /usr/lib/gcc/x86_64-pc-linux-gnu/11.1.0/collect2 -plugin /usr/lib/gcc/x86_64-pc-linux-gnu/11.1.0/liblto_plugin.so -plugin-opt=/usr/lib/gcc/x86_64-pc-linux-gnu/11.1.0/lto-wrapper -plugin-opt=-fresolution=/tmp/cc6Vz432.res -plugin-opt=-pass-through=-lgcc_s -plugin-opt=-pass-through=-lgcc -plugin-opt=-pass-through=-lc -plugin-opt=-pass-through=-lgcc_s -plugin-opt=-pass-through=-lgcc --build-id --eh-frame-hdr --hash-style=gnu -m elf_x86_64 -dynamic-linker /lib64/ld-linux-x86-64.so.2 -pie -o cmTC_9bf02 /usr/lib/gcc/x86_64-pc-linux-gnu/11.1.0/../../../../lib/Scrt1.o /usr/lib/gcc/x86_64-pc-linux-gnu/11.1.0/../../../../lib/crti.o /usr/lib/gcc/x86_64-pc-linux-gnu/11.1.0/crtbeginS.o -L/usr/lib/gcc/x86_64-pc-linux-gnu/11.1.0 -L/usr/lib/gcc/x86_64-pc-linux-gnu/11.1.0/../../../../lib -L/lib/../lib -L/usr/lib/../lib -L/usr/lib/gcc/x86_64-pc-linux-gnu/11.1.0/../../.. CMakeFiles/cmTC_9bf02.dir/CMakeCXXCompilerABI.cpp.o -lstdc++ -lm -lgcc_s -lgcc -lc -lgcc_s -lgcc /usr/lib/gcc/x86_64-pc-linux-gnu/11.1.0/crtendS.o /usr/lib/gcc/x86_64-pc-linux-gnu/11.1.0/../../../../lib/crtn.o]
    arg [/usr/lib/gcc/x86_64-pc-linux-gnu/11.1.0/collect2] ==> ignore
    arg [-plugin] ==> ignore
    arg [/usr/lib/gcc/x86_64-pc-linux-gnu/11.1.0/liblto_plugin.so] ==> ignore
    arg [-plugin-opt=/usr/lib/gcc/x86_64-pc-linux-gnu/11.1.0/lto-wrapper] ==> ignore
    arg [-plugin-opt=-fresolution=/tmp/cc6Vz432.res] ==> ignore
    arg [-plugin-opt=-pass-through=-lgcc_s] ==> ignore
    arg [-plugin-opt=-pass-through=-lgcc] ==> ignore
    arg [-plugin-opt=-pass-through=-lc] ==> ignore
    arg [-plugin-opt=-pass-through=-lgcc_s] ==> ignore
    arg [-plugin-opt=-pass-through=-lgcc] ==> ignore
    arg [--build-id] ==> ignore
    arg [--eh-frame-hdr] ==> ignore
    arg [--hash-style=gnu] ==> ignore
    arg [-m] ==> ignore
    arg [elf_x86_64] ==> ignore
    arg [-dynamic-linker] ==> ignore
    arg [/lib64/ld-linux-x86-64.so.2] ==> ignore
    arg [-pie] ==> ignore
    arg [-o] ==> ignore
    arg [cmTC_9bf02] ==> ignore
    arg [/usr/lib/gcc/x86_64-pc-linux-gnu/11.1.0/../../../../lib/Scrt1.o] ==> obj [/usr/lib/gcc/x86_64-pc-linux-gnu/11.1.0/../../../../lib/Scrt1.o]
    arg [/usr/lib/gcc/x86_64-pc-linux-gnu/11.1.0/../../../../lib/crti.o] ==> obj [/usr/lib/gcc/x86_64-pc-linux-gnu/11.1.0/../../../../lib/crti.o]
    arg [/usr/lib/gcc/x86_64-pc-linux-gnu/11.1.0/crtbeginS.o] ==> obj [/usr/lib/gcc/x86_64-pc-linux-gnu/11.1.0/crtbeginS.o]
    arg [-L/usr/lib/gcc/x86_64-pc-linux-gnu/11.1.0] ==> dir [/usr/lib/gcc/x86_64-pc-linux-gnu/11.1.0]
    arg [-L/usr/lib/gcc/x86_64-pc-linux-gnu/11.1.0/../../../../lib] ==> dir [/usr/lib/gcc/x86_64-pc-linux-gnu/11.1.0/../../../../lib]
    arg [-L/lib/../lib] ==> dir [/lib/../lib]
    arg [-L/usr/lib/../lib] ==> dir [/usr/lib/../lib]
    arg [-L/usr/lib/gcc/x86_64-pc-linux-gnu/11.1.0/../../..] ==> dir [/usr/lib/gcc/x86_64-pc-linux-gnu/11.1.0/../../..]
    arg [CMakeFiles/cmTC_9bf02.dir/CMakeCXXCompilerABI.cpp.o] ==> ignore
    arg [-lstdc++] ==> lib [stdc++]
    arg [-lm] ==> lib [m]
    arg [-lgcc_s] ==> lib [gcc_s]
    arg [-lgcc] ==> lib [gcc]
    arg [-lc] ==> lib [c]
    arg [-lgcc_s] ==> lib [gcc_s]
    arg [-lgcc] ==> lib [gcc]
    arg [/usr/lib/gcc/x86_64-pc-linux-gnu/11.1.0/crtendS.o] ==> obj [/usr/lib/gcc/x86_64-pc-linux-gnu/11.1.0/crtendS.o]
    arg [/usr/lib/gcc/x86_64-pc-linux-gnu/11.1.0/../../../../lib/crtn.o] ==> obj [/usr/lib/gcc/x86_64-pc-linux-gnu/11.1.0/../../../../lib/crtn.o]
  collapse obj [/usr/lib/gcc/x86_64-pc-linux-gnu/11.1.0/../../../../lib/Scrt1.o] ==> [/usr/lib/Scrt1.o]
  collapse obj [/usr/lib/gcc/x86_64-pc-linux-gnu/11.1.0/../../../../lib/crti.o] ==> [/usr/lib/crti.o]
  collapse obj [/usr/lib/gcc/x86_64-pc-linux-gnu/11.1.0/../../../../lib/crtn.o] ==> [/usr/lib/crtn.o]
  collapse library dir [/usr/lib/gcc/x86_64-pc-linux-gnu/11.1.0] ==> [/usr/lib/gcc/x86_64-pc-linux-gnu/11.1.0]
  collapse library dir [/usr/lib/gcc/x86_64-pc-linux-gnu/11.1.0/../../../../lib] ==> [/usr/lib]
  collapse library dir [/lib/../lib] ==> [/lib]
  collapse library dir [/usr/lib/../lib] ==> [/usr/lib]
  collapse library dir [/usr/lib/gcc/x86_64-pc-linux-gnu/11.1.0/../../..] ==> [/usr/lib]
  implicit libs: [stdc++;m;gcc_s;gcc;c;gcc_s;gcc]
  implicit objs: [/usr/lib/Scrt1.o;/usr/lib/crti.o;/usr/lib/gcc/x86_64-pc-linux-gnu/11.1.0/crtbeginS.o;/usr/lib/gcc/x86_64-pc-linux-gnu/11.1.0/crtendS.o;/usr/lib/crtn.o]
  implicit dirs: [/usr/lib/gcc/x86_64-pc-linux-gnu/11.1.0;/usr/lib;/lib]
  implicit fwks: []


Detecting C OpenMP compiler ABI info compiled with the following output:
Change Dir: /home/d4nielix/Pulpit/PP04/build/CMakeFiles/CMakeTmp

Run Build Command(s):/usr/bin/make -f Makefile cmTC_3266d/fast && /usr/bin/make  -f CMakeFiles/cmTC_3266d.dir/build.make CMakeFiles/cmTC_3266d.dir/build
make[1]: Wejście do katalogu '/home/d4nielix/Pulpit/PP04/build/CMakeFiles/CMakeTmp'
Building C object CMakeFiles/cmTC_3266d.dir/OpenMPTryFlag.c.o
/usr/bin/x86_64-pc-linux-gnu-gcc-11.1.0   -fopenmp -v -fPIE -o CMakeFiles/cmTC_3266d.dir/OpenMPTryFlag.c.o -c /home/d4nielix/Pulpit/PP04/build/CMakeFiles/FindOpenMP/OpenMPTryFlag.c
Using built-in specs.
COLLECT_GCC=/usr/bin/x86_64-pc-linux-gnu-gcc-11.1.0
Target: x86_64-pc-linux-gnu
Configured with: /build/gcc/src/gcc/configure --prefix=/usr --libdir=/usr/lib --libexecdir=/usr/lib --mandir=/usr/share/man --infodir=/usr/share/info --with-bugurl=https://bugs.archlinux.org/ --enable-languages=c,c++,ada,fortran,go,lto,objc,obj-c++,d --with-isl --with-linker-hash-style=gnu --with-system-zlib --enable-__cxa_atexit --enable-cet=auto --enable-checking=release --enable-clocale=gnu --enable-default-pie --enable-default-ssp --enable-gnu-indirect-function --enable-gnu-unique-object --enable-install-libiberty --enable-linker-build-id --enable-lto --enable-multilib --enable-plugin --enable-shared --enable-threads=posix --disable-libssp --disable-libstdcxx-pch --disable-libunwind-exceptions --disable-werror gdc_include_dir=/usr/include/dlang/gdc
Thread model: posix
Supported LTO compression algorithms: zlib zstd
gcc version 11.1.0 (GCC) 
COLLECT_GCC_OPTIONS='-fopenmp' '-v' '-fPIE' '-o' 'CMakeFiles/cmTC_3266d.dir/OpenMPTryFlag.c.o' '-c' '-mtune=generic' '-march=x86-64' '-pthread' '-dumpdir' 'CMakeFiles/cmTC_3266d.dir/'
 /usr/lib/gcc/x86_64-pc-linux-gnu/11.1.0/cc1 -quiet -v -D_REENTRANT /home/d4nielix/Pulpit/PP04/build/CMakeFiles/FindOpenMP/OpenMPTryFlag.c -quiet -dumpdir CMakeFiles/cmTC_3266d.dir/ -dumpbase OpenMPTryFlag.c.c -dumpbase-ext .c -mtune=generic -march=x86-64 -version -fopenmp -fPIE -o /tmp/ccOwRRIb.s
GNU C17 (GCC) version 11.1.0 (x86_64-pc-linux-gnu)
	compiled by GNU C version 11.1.0, GMP version 6.2.1, MPFR version 4.1.0-p13, MPC version 1.2.1, isl version isl-0.24-GMP

GGC heuristics: --param ggc-min-expand=100 --param ggc-min-heapsize=131072
ignoring nonexistent directory "/usr/lib/gcc/x86_64-pc-linux-gnu/11.1.0/../../../../x86_64-pc-linux-gnu/include"
#include "..." search starts here:
#include <...> search starts here:
 /usr/lib/gcc/x86_64-pc-linux-gnu/11.1.0/include
 /usr/local/include
 /usr/lib/gcc/x86_64-pc-linux-gnu/11.1.0/include-fixed
 /usr/include
End of search list.
GNU C17 (GCC) version 11.1.0 (x86_64-pc-linux-gnu)
	compiled by GNU C version 11.1.0, GMP version 6.2.1, MPFR version 4.1.0-p13, MPC version 1.2.1, isl version isl-0.24-GMP

GGC heuristics: --param ggc-min-expand=100 --param ggc-min-heapsize=131072
Compiler executable checksum: ec1bc319e19ef4dd2d241e66d95d4739
COLLECT_GCC_OPTIONS='-fopenmp' '-v' '-fPIE' '-o' 'CMakeFiles/cmTC_3266d.dir/OpenMPTryFlag.c.o' '-c' '-mtune=generic' '-march=x86-64' '-pthread' '-dumpdir' 'CMakeFiles/cmTC_3266d.dir/'
 as -v --64 -o CMakeFiles/cmTC_3266d.dir/OpenMPTryFlag.c.o /tmp/ccOwRRIb.s
GNU assembler version 2.36.1 (x86_64-pc-linux-gnu) using BFD version (GNU Binutils) 2.36.1
COMPILER_PATH=/usr/lib/gcc/x86_64-pc-linux-gnu/11.1.0/:/usr/lib/gcc/x86_64-pc-linux-gnu/11.1.0/:/usr/lib/gcc/x86_64-pc-linux-gnu/:/usr/lib/gcc/x86_64-pc-linux-gnu/11.1.0/:/usr/lib/gcc/x86_64-pc-linux-gnu/
LIBRARY_PATH=/usr/lib/gcc/x86_64-pc-linux-gnu/11.1.0/:/usr/lib/gcc/x86_64-pc-linux-gnu/11.1.0/../../../../lib/:/lib/../lib/:/usr/lib/../lib/:/usr/lib/gcc/x86_64-pc-linux-gnu/11.1.0/../../../:/lib/:/usr/lib/
COLLECT_GCC_OPTIONS='-fopenmp' '-v' '-fPIE' '-o' 'CMakeFiles/cmTC_3266d.dir/OpenMPTryFlag.c.o' '-c' '-mtune=generic' '-march=x86-64' '-pthread' '-dumpdir' 'CMakeFiles/cmTC_3266d.dir/OpenMPTryFlag.c.'
Linking C executable cmTC_3266d
/var/lib/snapd/snap/cmake/1005/bin/cmake -E cmake_link_script CMakeFiles/cmTC_3266d.dir/link.txt --verbose=1
/usr/bin/x86_64-pc-linux-gnu-gcc-11.1.0  -fopenmp -v CMakeFiles/cmTC_3266d.dir/OpenMPTryFlag.c.o -o cmTC_3266d  -v 
Using built-in specs.
COLLECT_GCC=/usr/bin/x86_64-pc-linux-gnu-gcc-11.1.0
COLLECT_LTO_WRAPPER=/usr/lib/gcc/x86_64-pc-linux-gnu/11.1.0/lto-wrapper
Target: x86_64-pc-linux-gnu
Configured with: /build/gcc/src/gcc/configure --prefix=/usr --libdir=/usr/lib --libexecdir=/usr/lib --mandir=/usr/share/man --infodir=/usr/share/info --with-bugurl=https://bugs.archlinux.org/ --enable-languages=c,c++,ada,fortran,go,lto,objc,obj-c++,d --with-isl --with-linker-hash-style=gnu --with-system-zlib --enable-__cxa_atexit --enable-cet=auto --enable-checking=release --enable-clocale=gnu --enable-default-pie --enable-default-ssp --enable-gnu-indirect-function --enable-gnu-unique-object --enable-install-libiberty --enable-linker-build-id --enable-lto --enable-multilib --enable-plugin --enable-shared --enable-threads=posix --disable-libssp --disable-libstdcxx-pch --disable-libunwind-exceptions --disable-werror gdc_include_dir=/usr/include/dlang/gdc
Thread model: posix
Supported LTO compression algorithms: zlib zstd
gcc version 11.1.0 (GCC) 
COMPILER_PATH=/usr/lib/gcc/x86_64-pc-linux-gnu/11.1.0/:/usr/lib/gcc/x86_64-pc-linux-gnu/11.1.0/:/usr/lib/gcc/x86_64-pc-linux-gnu/:/usr/lib/gcc/x86_64-pc-linux-gnu/11.1.0/:/usr/lib/gcc/x86_64-pc-linux-gnu/
LIBRARY_PATH=/usr/lib/gcc/x86_64-pc-linux-gnu/11.1.0/:/usr/lib/gcc/x86_64-pc-linux-gnu/11.1.0/../../../../lib/:/lib/../lib/:/usr/lib/../lib/:/usr/lib/gcc/x86_64-pc-linux-gnu/11.1.0/../../../:/lib/:/usr/lib/
Reading specs from /usr/lib/gcc/x86_64-pc-linux-gnu/11.1.0/../../../../lib/libgomp.spec
COLLECT_GCC_OPTIONS='-fopenmp' '-v' '-o' 'cmTC_3266d' '-v' '-mtune=generic' '-march=x86-64' '-pthread' '-dumpdir' 'cmTC_3266d.'
 /usr/lib/gcc/x86_64-pc-linux-gnu/11.1.0/collect2 -plugin /usr/lib/gcc/x86_64-pc-linux-gnu/11.1.0/liblto_plugin.so -plugin-opt=/usr/lib/gcc/x86_64-pc-linux-gnu/11.1.0/lto-wrapper -plugin-opt=-fresolution=/tmp/ccBHlvWJ.res -plugin-opt=-pass-through=-lgcc -plugin-opt=-pass-through=-lgcc_s -plugin-opt=-pass-through=-lpthread -plugin-opt=-pass-through=-lc -plugin-opt=-pass-through=-lgcc -plugin-opt=-pass-through=-lgcc_s --build-id --eh-frame-hdr --hash-style=gnu -m elf_x86_64 -dynamic-linker /lib64/ld-linux-x86-64.so.2 -pie -o cmTC_3266d /usr/lib/gcc/x86_64-pc-linux-gnu/11.1.0/../../../../lib/Scrt1.o /usr/lib/gcc/x86_64-pc-linux-gnu/11.1.0/../../../../lib/crti.o /usr/lib/gcc/x86_64-pc-linux-gnu/11.1.0/crtbeginS.o -L/usr/lib/gcc/x86_64-pc-linux-gnu/11.1.0 -L/usr/lib/gcc/x86_64-pc-linux-gnu/11.1.0/../../../../lib -L/lib/../lib -L/usr/lib/../lib -L/usr/lib/gcc/x86_64-pc-linux-gnu/11.1.0/../../.. CMakeFiles/cmTC_3266d.dir/OpenMPTryFlag.c.o -lgomp -lgcc --push-state --as-needed -lgcc_s --pop-state -lpthread -lc -lgcc --push-state --as-needed -lgcc_s --pop-state /usr/lib/gcc/x86_64-pc-linux-gnu/11.1.0/crtendS.o /usr/lib/gcc/x86_64-pc-linux-gnu/11.1.0/../../../../lib/crtn.o
COLLECT_GCC_OPTIONS='-fopenmp' '-v' '-o' 'cmTC_3266d' '-v' '-mtune=generic' '-march=x86-64' '-pthread' '-dumpdir' 'cmTC_3266d.'
make[1]: Opuszczenie katalogu '/home/d4nielix/Pulpit/PP04/build/CMakeFiles/CMakeTmp'



Parsed C OpenMP implicit link information from above output:
  link line regex: [^( *|.*[/\])(ld|CMAKE_LINK_STARTFILE-NOTFOUND|([^/\]+-)?ld|collect2)[^/\]*( |$)]
  ignore line: [Change Dir: /home/d4nielix/Pulpit/PP04/build/CMakeFiles/CMakeTmp]
  ignore line: []
  ignore line: [Run Build Command(s):/usr/bin/make -f Makefile cmTC_3266d/fast && /usr/bin/make  -f CMakeFiles/cmTC_3266d.dir/build.make CMakeFiles/cmTC_3266d.dir/build]
  ignore line: [make[1]: Wejście do katalogu '/home/d4nielix/Pulpit/PP04/build/CMakeFiles/CMakeTmp']
  ignore line: [Building C object CMakeFiles/cmTC_3266d.dir/OpenMPTryFlag.c.o]
  ignore line: [/usr/bin/x86_64-pc-linux-gnu-gcc-11.1.0   -fopenmp -v -fPIE -o CMakeFiles/cmTC_3266d.dir/OpenMPTryFlag.c.o -c /home/d4nielix/Pulpit/PP04/build/CMakeFiles/FindOpenMP/OpenMPTryFlag.c]
  ignore line: [Using built-in specs.]
  ignore line: [COLLECT_GCC=/usr/bin/x86_64-pc-linux-gnu-gcc-11.1.0]
  ignore line: [Target: x86_64-pc-linux-gnu]
  ignore line: [Configured with: /build/gcc/src/gcc/configure --prefix=/usr --libdir=/usr/lib --libexecdir=/usr/lib --mandir=/usr/share/man --infodir=/usr/share/info --with-bugurl=https://bugs.archlinux.org/ --enable-languages=c c++ ada fortran go lto objc obj-c++ d --with-isl --with-linker-hash-style=gnu --with-system-zlib --enable-__cxa_atexit --enable-cet=auto --enable-checking=release --enable-clocale=gnu --enable-default-pie --enable-default-ssp --enable-gnu-indirect-function --enable-gnu-unique-object --enable-install-libiberty --enable-linker-build-id --enable-lto --enable-multilib --enable-plugin --enable-shared --enable-threads=posix --disable-libssp --disable-libstdcxx-pch --disable-libunwind-exceptions --disable-werror gdc_include_dir=/usr/include/dlang/gdc]
  ignore line: [Thread model: posix]
  ignore line: [Supported LTO compression algorithms: zlib zstd]
  ignore line: [gcc version 11.1.0 (GCC) ]
  ignore line: [COLLECT_GCC_OPTIONS='-fopenmp' '-v' '-fPIE' '-o' 'CMakeFiles/cmTC_3266d.dir/OpenMPTryFlag.c.o' '-c' '-mtune=generic' '-march=x86-64' '-pthread' '-dumpdir' 'CMakeFiles/cmTC_3266d.dir/']
  ignore line: [ /usr/lib/gcc/x86_64-pc-linux-gnu/11.1.0/cc1 -quiet -v -D_REENTRANT /home/d4nielix/Pulpit/PP04/build/CMakeFiles/FindOpenMP/OpenMPTryFlag.c -quiet -dumpdir CMakeFiles/cmTC_3266d.dir/ -dumpbase OpenMPTryFlag.c.c -dumpbase-ext .c -mtune=generic -march=x86-64 -version -fopenmp -fPIE -o /tmp/ccOwRRIb.s]
  ignore line: [GNU C17 (GCC) version 11.1.0 (x86_64-pc-linux-gnu)]
  ignore line: [	compiled by GNU C version 11.1.0  GMP version 6.2.1  MPFR version 4.1.0-p13  MPC version 1.2.1  isl version isl-0.24-GMP]
  ignore line: []
  ignore line: [GGC heuristics: --param ggc-min-expand=100 --param ggc-min-heapsize=131072]
  ignore line: [ignoring nonexistent directory "/usr/lib/gcc/x86_64-pc-linux-gnu/11.1.0/../../../../x86_64-pc-linux-gnu/include"]
  ignore line: [#include "..." search starts here:]
  ignore line: [#include <...> search starts here:]
  ignore line: [ /usr/lib/gcc/x86_64-pc-linux-gnu/11.1.0/include]
  ignore line: [ /usr/local/include]
  ignore line: [ /usr/lib/gcc/x86_64-pc-linux-gnu/11.1.0/include-fixed]
  ignore line: [ /usr/include]
  ignore line: [End of search list.]
  ignore line: [GNU C17 (GCC) version 11.1.0 (x86_64-pc-linux-gnu)]
  ignore line: [	compiled by GNU C version 11.1.0  GMP version 6.2.1  MPFR version 4.1.0-p13  MPC version 1.2.1  isl version isl-0.24-GMP]
  ignore line: []
  ignore line: [GGC heuristics: --param ggc-min-expand=100 --param ggc-min-heapsize=131072]
  ignore line: [Compiler executable checksum: ec1bc319e19ef4dd2d241e66d95d4739]
  ignore line: [COLLECT_GCC_OPTIONS='-fopenmp' '-v' '-fPIE' '-o' 'CMakeFiles/cmTC_3266d.dir/OpenMPTryFlag.c.o' '-c' '-mtune=generic' '-march=x86-64' '-pthread' '-dumpdir' 'CMakeFiles/cmTC_3266d.dir/']
  ignore line: [ as -v --64 -o CMakeFiles/cmTC_3266d.dir/OpenMPTryFlag.c.o /tmp/ccOwRRIb.s]
  ignore line: [GNU assembler version 2.36.1 (x86_64-pc-linux-gnu) using BFD version (GNU Binutils) 2.36.1]
  ignore line: [COMPILER_PATH=/usr/lib/gcc/x86_64-pc-linux-gnu/11.1.0/:/usr/lib/gcc/x86_64-pc-linux-gnu/11.1.0/:/usr/lib/gcc/x86_64-pc-linux-gnu/:/usr/lib/gcc/x86_64-pc-linux-gnu/11.1.0/:/usr/lib/gcc/x86_64-pc-linux-gnu/]
  ignore line: [LIBRARY_PATH=/usr/lib/gcc/x86_64-pc-linux-gnu/11.1.0/:/usr/lib/gcc/x86_64-pc-linux-gnu/11.1.0/../../../../lib/:/lib/../lib/:/usr/lib/../lib/:/usr/lib/gcc/x86_64-pc-linux-gnu/11.1.0/../../../:/lib/:/usr/lib/]
  ignore line: [COLLECT_GCC_OPTIONS='-fopenmp' '-v' '-fPIE' '-o' 'CMakeFiles/cmTC_3266d.dir/OpenMPTryFlag.c.o' '-c' '-mtune=generic' '-march=x86-64' '-pthread' '-dumpdir' 'CMakeFiles/cmTC_3266d.dir/OpenMPTryFlag.c.']
  ignore line: [Linking C executable cmTC_3266d]
  ignore line: [/var/lib/snapd/snap/cmake/1005/bin/cmake -E cmake_link_script CMakeFiles/cmTC_3266d.dir/link.txt --verbose=1]
  ignore line: [/usr/bin/x86_64-pc-linux-gnu-gcc-11.1.0  -fopenmp -v CMakeFiles/cmTC_3266d.dir/OpenMPTryFlag.c.o -o cmTC_3266d  -v ]
  ignore line: [Using built-in specs.]
  ignore line: [COLLECT_GCC=/usr/bin/x86_64-pc-linux-gnu-gcc-11.1.0]
  ignore line: [COLLECT_LTO_WRAPPER=/usr/lib/gcc/x86_64-pc-linux-gnu/11.1.0/lto-wrapper]
  ignore line: [Target: x86_64-pc-linux-gnu]
  ignore line: [Configured with: /build/gcc/src/gcc/configure --prefix=/usr --libdir=/usr/lib --libexecdir=/usr/lib --mandir=/usr/share/man --infodir=/usr/share/info --with-bugurl=https://bugs.archlinux.org/ --enable-languages=c c++ ada fortran go lto objc obj-c++ d --with-isl --with-linker-hash-style=gnu --with-system-zlib --enable-__cxa_atexit --enable-cet=auto --enable-checking=release --enable-clocale=gnu --enable-default-pie --enable-default-ssp --enable-gnu-indirect-function --enable-gnu-unique-object --enable-install-libiberty --enable-linker-build-id --enable-lto --enable-multilib --enable-plugin --enable-shared --enable-threads=posix --disable-libssp --disable-libstdcxx-pch --disable-libunwind-exceptions --disable-werror gdc_include_dir=/usr/include/dlang/gdc]
  ignore line: [Thread model: posix]
  ignore line: [Supported LTO compression algorithms: zlib zstd]
  ignore line: [gcc version 11.1.0 (GCC) ]
  ignore line: [COMPILER_PATH=/usr/lib/gcc/x86_64-pc-linux-gnu/11.1.0/:/usr/lib/gcc/x86_64-pc-linux-gnu/11.1.0/:/usr/lib/gcc/x86_64-pc-linux-gnu/:/usr/lib/gcc/x86_64-pc-linux-gnu/11.1.0/:/usr/lib/gcc/x86_64-pc-linux-gnu/]
  ignore line: [LIBRARY_PATH=/usr/lib/gcc/x86_64-pc-linux-gnu/11.1.0/:/usr/lib/gcc/x86_64-pc-linux-gnu/11.1.0/../../../../lib/:/lib/../lib/:/usr/lib/../lib/:/usr/lib/gcc/x86_64-pc-linux-gnu/11.1.0/../../../:/lib/:/usr/lib/]
  ignore line: [Reading specs from /usr/lib/gcc/x86_64-pc-linux-gnu/11.1.0/../../../../lib/libgomp.spec]
  ignore line: [COLLECT_GCC_OPTIONS='-fopenmp' '-v' '-o' 'cmTC_3266d' '-v' '-mtune=generic' '-march=x86-64' '-pthread' '-dumpdir' 'cmTC_3266d.']
  link line: [ /usr/lib/gcc/x86_64-pc-linux-gnu/11.1.0/collect2 -plugin /usr/lib/gcc/x86_64-pc-linux-gnu/11.1.0/liblto_plugin.so -plugin-opt=/usr/lib/gcc/x86_64-pc-linux-gnu/11.1.0/lto-wrapper -plugin-opt=-fresolution=/tmp/ccBHlvWJ.res -plugin-opt=-pass-through=-lgcc -plugin-opt=-pass-through=-lgcc_s -plugin-opt=-pass-through=-lpthread -plugin-opt=-pass-through=-lc -plugin-opt=-pass-through=-lgcc -plugin-opt=-pass-through=-lgcc_s --build-id --eh-frame-hdr --hash-style=gnu -m elf_x86_64 -dynamic-linker /lib64/ld-linux-x86-64.so.2 -pie -o cmTC_3266d /usr/lib/gcc/x86_64-pc-linux-gnu/11.1.0/../../../../lib/Scrt1.o /usr/lib/gcc/x86_64-pc-linux-gnu/11.1.0/../../../../lib/crti.o /usr/lib/gcc/x86_64-pc-linux-gnu/11.1.0/crtbeginS.o -L/usr/lib/gcc/x86_64-pc-linux-gnu/11.1.0 -L/usr/lib/gcc/x86_64-pc-linux-gnu/11.1.0/../../../../lib -L/lib/../lib -L/usr/lib/../lib -L/usr/lib/gcc/x86_64-pc-linux-gnu/11.1.0/../../.. CMakeFiles/cmTC_3266d.dir/OpenMPTryFlag.c.o -lgomp -lgcc --push-state --as-needed -lgcc_s --pop-state -lpthread -lc -lgcc --push-state --as-needed -lgcc_s --pop-state /usr/lib/gcc/x86_64-pc-linux-gnu/11.1.0/crtendS.o /usr/lib/gcc/x86_64-pc-linux-gnu/11.1.0/../../../../lib/crtn.o]
    arg [/usr/lib/gcc/x86_64-pc-linux-gnu/11.1.0/collect2] ==> ignore
    arg [-plugin] ==> ignore
    arg [/usr/lib/gcc/x86_64-pc-linux-gnu/11.1.0/liblto_plugin.so] ==> ignore
    arg [-plugin-opt=/usr/lib/gcc/x86_64-pc-linux-gnu/11.1.0/lto-wrapper] ==> ignore
    arg [-plugin-opt=-fresolution=/tmp/ccBHlvWJ.res] ==> ignore
    arg [-plugin-opt=-pass-through=-lgcc] ==> ignore
    arg [-plugin-opt=-pass-through=-lgcc_s] ==> ignore
    arg [-plugin-opt=-pass-through=-lpthread] ==> ignore
    arg [-plugin-opt=-pass-through=-lc] ==> ignore
    arg [-plugin-opt=-pass-through=-lgcc] ==> ignore
    arg [-plugin-opt=-pass-through=-lgcc_s] ==> ignore
    arg [--build-id] ==> ignore
    arg [--eh-frame-hdr] ==> ignore
    arg [--hash-style=gnu] ==> ignore
    arg [-m] ==> ignore
    arg [elf_x86_64] ==> ignore
    arg [-dynamic-linker] ==> ignore
    arg [/lib64/ld-linux-x86-64.so.2] ==> ignore
    arg [-pie] ==> ignore
    arg [-o] ==> ignore
    arg [cmTC_3266d] ==> ignore
    arg [-L/usr/lib/gcc/x86_64-pc-linux-gnu/11.1.0] ==> dir [/usr/lib/gcc/x86_64-pc-linux-gnu/11.1.0]
    arg [-L/usr/lib/gcc/x86_64-pc-linux-gnu/11.1.0/../../../../lib] ==> dir [/usr/lib/gcc/x86_64-pc-linux-gnu/11.1.0/../../../../lib]
    arg [-L/lib/../lib] ==> dir [/lib/../lib]
    arg [-L/usr/lib/../lib] ==> dir [/usr/lib/../lib]
    arg [-L/usr/lib/gcc/x86_64-pc-linux-gnu/11.1.0/../../..] ==> dir [/usr/lib/gcc/x86_64-pc-linux-gnu/11.1.0/../../..]
    arg [CMakeFiles/cmTC_3266d.dir/OpenMPTryFlag.c.o] ==> ignore
    arg [-lgomp] ==> lib [gomp]
    arg [-lgcc] ==> lib [gcc]
    arg [--push-state] ==> ignore
    arg [--as-needed] ==> ignore
    arg [-lgcc_s] ==> lib [gcc_s]
    arg [--pop-state] ==> ignore
    arg [-lpthread] ==> lib [pthread]
    arg [-lc] ==> lib [c]
    arg [-lgcc] ==> lib [gcc]
    arg [--push-state] ==> ignore
    arg [--as-needed] ==> ignore
    arg [-lgcc_s] ==> lib [gcc_s]
    arg [--pop-state] ==> ignore
  collapse library dir [/usr/lib/gcc/x86_64-pc-linux-gnu/11.1.0] ==> [/usr/lib/gcc/x86_64-pc-linux-gnu/11.1.0]
  collapse library dir [/usr/lib/gcc/x86_64-pc-linux-gnu/11.1.0/../../../../lib] ==> [/usr/lib]
  collapse library dir [/lib/../lib] ==> [/lib]
  collapse library dir [/usr/lib/../lib] ==> [/usr/lib]
  collapse library dir [/usr/lib/gcc/x86_64-pc-linux-gnu/11.1.0/../../..] ==> [/usr/lib]
  implicit libs: [gomp;gcc;gcc_s;pthread;c;gcc;gcc_s]
  implicit objs: []
  implicit dirs: [/usr/lib/gcc/x86_64-pc-linux-gnu/11.1.0;/usr/lib;/lib]
  implicit fwks: []


Detecting CXX OpenMP compiler ABI info compiled with the following output:
Change Dir: /home/d4nielix/Pulpit/PP04/build/CMakeFiles/CMakeTmp

Run Build Command(s):/usr/bin/make -f Makefile cmTC_6da2e/fast && /usr/bin/make  -f CMakeFiles/cmTC_6da2e.dir/build.make CMakeFiles/cmTC_6da2e.dir/build
make[1]: Wejście do katalogu '/home/d4nielix/Pulpit/PP04/build/CMakeFiles/CMakeTmp'
Building CXX object CMakeFiles/cmTC_6da2e.dir/OpenMPTryFlag.cpp.o
/usr/bin/c++   -Wall -Wextra -Wpedantic -march=nehalem -fopenmp -v -fPIE -std=gnu++17 -o CMakeFiles/cmTC_6da2e.dir/OpenMPTryFlag.cpp.o -c /home/d4nielix/Pulpit/PP04/build/CMakeFiles/FindOpenMP/OpenMPTryFlag.cpp
Using built-in specs.
COLLECT_GCC=/usr/bin/c++
Target: x86_64-pc-linux-gnu
Configured with: /build/gcc/src/gcc/configure --prefix=/usr --libdir=/usr/lib --libexecdir=/usr/lib --mandir=/usr/share/man --infodir=/usr/share/info --with-bugurl=https://bugs.archlinux.org/ --enable-languages=c,c++,ada,fortran,go,lto,objc,obj-c++,d --with-isl --with-linker-hash-style=gnu --with-system-zlib --enable-__cxa_atexit --enable-cet=auto --enable-checking=release --enable-clocale=gnu --enable-default-pie --enable-default-ssp --enable-gnu-indirect-function --enable-gnu-unique-object --enable-install-libiberty --enable-linker-build-id --enable-lto --enable-multilib --enable-plugin --enable-shared --enable-threads=posix --disable-libssp --disable-libstdcxx-pch --disable-libunwind-exceptions --disable-werror gdc_include_dir=/usr/include/dlang/gdc
Thread model: posix
Supported LTO compression algorithms: zlib zstd
gcc version 11.1.0 (GCC) 
COLLECT_GCC_OPTIONS='-Wall' '-Wextra' '-Wpedantic' '-march=nehalem' '-fopenmp' '-v' '-fPIE' '-std=gnu++17' '-o' 'CMakeFiles/cmTC_6da2e.dir/OpenMPTryFlag.cpp.o' '-c' '-shared-libgcc' '-pthread' '-dumpdir' 'CMakeFiles/cmTC_6da2e.dir/'
 /usr/lib/gcc/x86_64-pc-linux-gnu/11.1.0/cc1plus -quiet -v -D_GNU_SOURCE -D_REENTRANT /home/d4nielix/Pulpit/PP04/build/CMakeFiles/FindOpenMP/OpenMPTryFlag.cpp -quiet -dumpdir CMakeFiles/cmTC_6da2e.dir/ -dumpbase OpenMPTryFlag.cpp.cpp -dumpbase-ext .cpp -march=nehalem -Wall -Wextra -Wpedantic -std=gnu++17 -version -fopenmp -fPIE -o /tmp/cc6w7IIh.s
GNU C++17 (GCC) version 11.1.0 (x86_64-pc-linux-gnu)
	compiled by GNU C version 11.1.0, GMP version 6.2.1, MPFR version 4.1.0-p13, MPC version 1.2.1, isl version isl-0.24-GMP

GGC heuristics: --param ggc-min-expand=100 --param ggc-min-heapsize=131072
ignoring nonexistent directory "/usr/lib/gcc/x86_64-pc-linux-gnu/11.1.0/../../../../x86_64-pc-linux-gnu/include"
#include "..." search starts here:
#include <...> search starts here:
 /usr/lib/gcc/x86_64-pc-linux-gnu/11.1.0/../../../../include/c++/11.1.0
 /usr/lib/gcc/x86_64-pc-linux-gnu/11.1.0/../../../../include/c++/11.1.0/x86_64-pc-linux-gnu
 /usr/lib/gcc/x86_64-pc-linux-gnu/11.1.0/../../../../include/c++/11.1.0/backward
 /usr/lib/gcc/x86_64-pc-linux-gnu/11.1.0/include
 /usr/local/include
 /usr/lib/gcc/x86_64-pc-linux-gnu/11.1.0/include-fixed
 /usr/include
End of search list.
GNU C++17 (GCC) version 11.1.0 (x86_64-pc-linux-gnu)
	compiled by GNU C version 11.1.0, GMP version 6.2.1, MPFR version 4.1.0-p13, MPC version 1.2.1, isl version isl-0.24-GMP

GGC heuristics: --param ggc-min-expand=100 --param ggc-min-heapsize=131072
Compiler executable checksum: e6d85a433da2a6385241e28f4582b1d3
COLLECT_GCC_OPTIONS='-Wall' '-Wextra' '-Wpedantic' '-march=nehalem' '-fopenmp' '-v' '-fPIE' '-std=gnu++17' '-o' 'CMakeFiles/cmTC_6da2e.dir/OpenMPTryFlag.cpp.o' '-c' '-shared-libgcc' '-pthread' '-dumpdir' 'CMakeFiles/cmTC_6da2e.dir/'
 as -v --64 -o CMakeFiles/cmTC_6da2e.dir/OpenMPTryFlag.cpp.o /tmp/cc6w7IIh.s
GNU assembler version 2.36.1 (x86_64-pc-linux-gnu) using BFD version (GNU Binutils) 2.36.1
COMPILER_PATH=/usr/lib/gcc/x86_64-pc-linux-gnu/11.1.0/:/usr/lib/gcc/x86_64-pc-linux-gnu/11.1.0/:/usr/lib/gcc/x86_64-pc-linux-gnu/:/usr/lib/gcc/x86_64-pc-linux-gnu/11.1.0/:/usr/lib/gcc/x86_64-pc-linux-gnu/
LIBRARY_PATH=/usr/lib/gcc/x86_64-pc-linux-gnu/11.1.0/:/usr/lib/gcc/x86_64-pc-linux-gnu/11.1.0/../../../../lib/:/lib/../lib/:/usr/lib/../lib/:/usr/lib/gcc/x86_64-pc-linux-gnu/11.1.0/../../../:/lib/:/usr/lib/
COLLECT_GCC_OPTIONS='-Wall' '-Wextra' '-Wpedantic' '-march=nehalem' '-fopenmp' '-v' '-fPIE' '-std=gnu++17' '-o' 'CMakeFiles/cmTC_6da2e.dir/OpenMPTryFlag.cpp.o' '-c' '-shared-libgcc' '-pthread' '-dumpdir' 'CMakeFiles/cmTC_6da2e.dir/OpenMPTryFlag.cpp.'
Linking CXX executable cmTC_6da2e
/var/lib/snapd/snap/cmake/1005/bin/cmake -E cmake_link_script CMakeFiles/cmTC_6da2e.dir/link.txt --verbose=1
/usr/bin/c++  -Wall -Wextra -Wpedantic -march=nehalem -fopenmp -v CMakeFiles/cmTC_6da2e.dir/OpenMPTryFlag.cpp.o -o cmTC_6da2e  -v 
Using built-in specs.
COLLECT_GCC=/usr/bin/c++
COLLECT_LTO_WRAPPER=/usr/lib/gcc/x86_64-pc-linux-gnu/11.1.0/lto-wrapper
Target: x86_64-pc-linux-gnu
Configured with: /build/gcc/src/gcc/configure --prefix=/usr --libdir=/usr/lib --libexecdir=/usr/lib --mandir=/usr/share/man --infodir=/usr/share/info --with-bugurl=https://bugs.archlinux.org/ --enable-languages=c,c++,ada,fortran,go,lto,objc,obj-c++,d --with-isl --with-linker-hash-style=gnu --with-system-zlib --enable-__cxa_atexit --enable-cet=auto --enable-checking=release --enable-clocale=gnu --enable-default-pie --enable-default-ssp --enable-gnu-indirect-function --enable-gnu-unique-object --enable-install-libiberty --enable-linker-build-id --enable-lto --enable-multilib --enable-plugin --enable-shared --enable-threads=posix --disable-libssp --disable-libstdcxx-pch --disable-libunwind-exceptions --disable-werror gdc_include_dir=/usr/include/dlang/gdc
Thread model: posix
Supported LTO compression algorithms: zlib zstd
gcc version 11.1.0 (GCC) 
COMPILER_PATH=/usr/lib/gcc/x86_64-pc-linux-gnu/11.1.0/:/usr/lib/gcc/x86_64-pc-linux-gnu/11.1.0/:/usr/lib/gcc/x86_64-pc-linux-gnu/:/usr/lib/gcc/x86_64-pc-linux-gnu/11.1.0/:/usr/lib/gcc/x86_64-pc-linux-gnu/
LIBRARY_PATH=/usr/lib/gcc/x86_64-pc-linux-gnu/11.1.0/:/usr/lib/gcc/x86_64-pc-linux-gnu/11.1.0/../../../../lib/:/lib/../lib/:/usr/lib/../lib/:/usr/lib/gcc/x86_64-pc-linux-gnu/11.1.0/../../../:/lib/:/usr/lib/
Reading specs from /usr/lib/gcc/x86_64-pc-linux-gnu/11.1.0/../../../../lib/libgomp.spec
COLLECT_GCC_OPTIONS='-Wall' '-Wextra' '-Wpedantic' '-march=nehalem' '-fopenmp' '-v' '-o' 'cmTC_6da2e' '-v' '-shared-libgcc' '-pthread' '-dumpdir' 'cmTC_6da2e.'
 /usr/lib/gcc/x86_64-pc-linux-gnu/11.1.0/collect2 -plugin /usr/lib/gcc/x86_64-pc-linux-gnu/11.1.0/liblto_plugin.so -plugin-opt=/usr/lib/gcc/x86_64-pc-linux-gnu/11.1.0/lto-wrapper -plugin-opt=-fresolution=/tmp/cc0fXEBk.res -plugin-opt=-pass-through=-lgcc_s -plugin-opt=-pass-through=-lgcc -plugin-opt=-pass-through=-lpthread -plugin-opt=-pass-through=-lc -plugin-opt=-pass-through=-lgcc_s -plugin-opt=-pass-through=-lgcc --build-id --eh-frame-hdr --hash-style=gnu -m elf_x86_64 -dynamic-linker /lib64/ld-linux-x86-64.so.2 -pie -o cmTC_6da2e /usr/lib/gcc/x86_64-pc-linux-gnu/11.1.0/../../../../lib/Scrt1.o /usr/lib/gcc/x86_64-pc-linux-gnu/11.1.0/../../../../lib/crti.o /usr/lib/gcc/x86_64-pc-linux-gnu/11.1.0/crtbeginS.o -L/usr/lib/gcc/x86_64-pc-linux-gnu/11.1.0 -L/usr/lib/gcc/x86_64-pc-linux-gnu/11.1.0/../../../../lib -L/lib/../lib -L/usr/lib/../lib -L/usr/lib/gcc/x86_64-pc-linux-gnu/11.1.0/../../.. CMakeFiles/cmTC_6da2e.dir/OpenMPTryFlag.cpp.o -lstdc++ -lm -lgomp -lgcc_s -lgcc -lpthread -lc -lgcc_s -lgcc /usr/lib/gcc/x86_64-pc-linux-gnu/11.1.0/crtendS.o /usr/lib/gcc/x86_64-pc-linux-gnu/11.1.0/../../../../lib/crtn.o
COLLECT_GCC_OPTIONS='-Wall' '-Wextra' '-Wpedantic' '-march=nehalem' '-fopenmp' '-v' '-o' 'cmTC_6da2e' '-v' '-shared-libgcc' '-pthread' '-dumpdir' 'cmTC_6da2e.'
make[1]: Opuszczenie katalogu '/home/d4nielix/Pulpit/PP04/build/CMakeFiles/CMakeTmp'



Parsed CXX OpenMP implicit link information from above output:
  link line regex: [^( *|.*[/\])(ld|CMAKE_LINK_STARTFILE-NOTFOUND|([^/\]+-)?ld|collect2)[^/\]*( |$)]
  ignore line: [Change Dir: /home/d4nielix/Pulpit/PP04/build/CMakeFiles/CMakeTmp]
  ignore line: []
  ignore line: [Run Build Command(s):/usr/bin/make -f Makefile cmTC_6da2e/fast && /usr/bin/make  -f CMakeFiles/cmTC_6da2e.dir/build.make CMakeFiles/cmTC_6da2e.dir/build]
  ignore line: [make[1]: Wejście do katalogu '/home/d4nielix/Pulpit/PP04/build/CMakeFiles/CMakeTmp']
  ignore line: [Building CXX object CMakeFiles/cmTC_6da2e.dir/OpenMPTryFlag.cpp.o]
  ignore line: [/usr/bin/c++   -Wall -Wextra -Wpedantic -march=nehalem -fopenmp -v -fPIE -std=gnu++17 -o CMakeFiles/cmTC_6da2e.dir/OpenMPTryFlag.cpp.o -c /home/d4nielix/Pulpit/PP04/build/CMakeFiles/FindOpenMP/OpenMPTryFlag.cpp]
  ignore line: [Using built-in specs.]
  ignore line: [COLLECT_GCC=/usr/bin/c++]
  ignore line: [Target: x86_64-pc-linux-gnu]
  ignore line: [Configured with: /build/gcc/src/gcc/configure --prefix=/usr --libdir=/usr/lib --libexecdir=/usr/lib --mandir=/usr/share/man --infodir=/usr/share/info --with-bugurl=https://bugs.archlinux.org/ --enable-languages=c c++ ada fortran go lto objc obj-c++ d --with-isl --with-linker-hash-style=gnu --with-system-zlib --enable-__cxa_atexit --enable-cet=auto --enable-checking=release --enable-clocale=gnu --enable-default-pie --enable-default-ssp --enable-gnu-indirect-function --enable-gnu-unique-object --enable-install-libiberty --enable-linker-build-id --enable-lto --enable-multilib --enable-plugin --enable-shared --enable-threads=posix --disable-libssp --disable-libstdcxx-pch --disable-libunwind-exceptions --disable-werror gdc_include_dir=/usr/include/dlang/gdc]
  ignore line: [Thread model: posix]
  ignore line: [Supported LTO compression algorithms: zlib zstd]
  ignore line: [gcc version 11.1.0 (GCC) ]
  ignore line: [COLLECT_GCC_OPTIONS='-Wall' '-Wextra' '-Wpedantic' '-march=nehalem' '-fopenmp' '-v' '-fPIE' '-std=gnu++17' '-o' 'CMakeFiles/cmTC_6da2e.dir/OpenMPTryFlag.cpp.o' '-c' '-shared-libgcc' '-pthread' '-dumpdir' 'CMakeFiles/cmTC_6da2e.dir/']
  ignore line: [ /usr/lib/gcc/x86_64-pc-linux-gnu/11.1.0/cc1plus -quiet -v -D_GNU_SOURCE -D_REENTRANT /home/d4nielix/Pulpit/PP04/build/CMakeFiles/FindOpenMP/OpenMPTryFlag.cpp -quiet -dumpdir CMakeFiles/cmTC_6da2e.dir/ -dumpbase OpenMPTryFlag.cpp.cpp -dumpbase-ext .cpp -march=nehalem -Wall -Wextra -Wpedantic -std=gnu++17 -version -fopenmp -fPIE -o /tmp/cc6w7IIh.s]
  ignore line: [GNU C++17 (GCC) version 11.1.0 (x86_64-pc-linux-gnu)]
  ignore line: [	compiled by GNU C version 11.1.0  GMP version 6.2.1  MPFR version 4.1.0-p13  MPC version 1.2.1  isl version isl-0.24-GMP]
  ignore line: []
  ignore line: [GGC heuristics: --param ggc-min-expand=100 --param ggc-min-heapsize=131072]
  ignore line: [ignoring nonexistent directory "/usr/lib/gcc/x86_64-pc-linux-gnu/11.1.0/../../../../x86_64-pc-linux-gnu/include"]
  ignore line: [#include "..." search starts here:]
  ignore line: [#include <...> search starts here:]
  ignore line: [ /usr/lib/gcc/x86_64-pc-linux-gnu/11.1.0/../../../../include/c++/11.1.0]
  ignore line: [ /usr/lib/gcc/x86_64-pc-linux-gnu/11.1.0/../../../../include/c++/11.1.0/x86_64-pc-linux-gnu]
  ignore line: [ /usr/lib/gcc/x86_64-pc-linux-gnu/11.1.0/../../../../include/c++/11.1.0/backward]
  ignore line: [ /usr/lib/gcc/x86_64-pc-linux-gnu/11.1.0/include]
  ignore line: [ /usr/local/include]
  ignore line: [ /usr/lib/gcc/x86_64-pc-linux-gnu/11.1.0/include-fixed]
  ignore line: [ /usr/include]
  ignore line: [End of search list.]
  ignore line: [GNU C++17 (GCC) version 11.1.0 (x86_64-pc-linux-gnu)]
  ignore line: [	compiled by GNU C version 11.1.0  GMP version 6.2.1  MPFR version 4.1.0-p13  MPC version 1.2.1  isl version isl-0.24-GMP]
  ignore line: []
  ignore line: [GGC heuristics: --param ggc-min-expand=100 --param ggc-min-heapsize=131072]
  ignore line: [Compiler executable checksum: e6d85a433da2a6385241e28f4582b1d3]
  ignore line: [COLLECT_GCC_OPTIONS='-Wall' '-Wextra' '-Wpedantic' '-march=nehalem' '-fopenmp' '-v' '-fPIE' '-std=gnu++17' '-o' 'CMakeFiles/cmTC_6da2e.dir/OpenMPTryFlag.cpp.o' '-c' '-shared-libgcc' '-pthread' '-dumpdir' 'CMakeFiles/cmTC_6da2e.dir/']
  ignore line: [ as -v --64 -o CMakeFiles/cmTC_6da2e.dir/OpenMPTryFlag.cpp.o /tmp/cc6w7IIh.s]
  ignore line: [GNU assembler version 2.36.1 (x86_64-pc-linux-gnu) using BFD version (GNU Binutils) 2.36.1]
  ignore line: [COMPILER_PATH=/usr/lib/gcc/x86_64-pc-linux-gnu/11.1.0/:/usr/lib/gcc/x86_64-pc-linux-gnu/11.1.0/:/usr/lib/gcc/x86_64-pc-linux-gnu/:/usr/lib/gcc/x86_64-pc-linux-gnu/11.1.0/:/usr/lib/gcc/x86_64-pc-linux-gnu/]
  ignore line: [LIBRARY_PATH=/usr/lib/gcc/x86_64-pc-linux-gnu/11.1.0/:/usr/lib/gcc/x86_64-pc-linux-gnu/11.1.0/../../../../lib/:/lib/../lib/:/usr/lib/../lib/:/usr/lib/gcc/x86_64-pc-linux-gnu/11.1.0/../../../:/lib/:/usr/lib/]
  ignore line: [COLLECT_GCC_OPTIONS='-Wall' '-Wextra' '-Wpedantic' '-march=nehalem' '-fopenmp' '-v' '-fPIE' '-std=gnu++17' '-o' 'CMakeFiles/cmTC_6da2e.dir/OpenMPTryFlag.cpp.o' '-c' '-shared-libgcc' '-pthread' '-dumpdir' 'CMakeFiles/cmTC_6da2e.dir/OpenMPTryFlag.cpp.']
  ignore line: [Linking CXX executable cmTC_6da2e]
  ignore line: [/var/lib/snapd/snap/cmake/1005/bin/cmake -E cmake_link_script CMakeFiles/cmTC_6da2e.dir/link.txt --verbose=1]
  ignore line: [/usr/bin/c++  -Wall -Wextra -Wpedantic -march=nehalem -fopenmp -v CMakeFiles/cmTC_6da2e.dir/OpenMPTryFlag.cpp.o -o cmTC_6da2e  -v ]
  ignore line: [Using built-in specs.]
  ignore line: [COLLECT_GCC=/usr/bin/c++]
  ignore line: [COLLECT_LTO_WRAPPER=/usr/lib/gcc/x86_64-pc-linux-gnu/11.1.0/lto-wrapper]
  ignore line: [Target: x86_64-pc-linux-gnu]
  ignore line: [Configured with: /build/gcc/src/gcc/configure --prefix=/usr --libdir=/usr/lib --libexecdir=/usr/lib --mandir=/usr/share/man --infodir=/usr/share/info --with-bugurl=https://bugs.archlinux.org/ --enable-languages=c c++ ada fortran go lto objc obj-c++ d --with-isl --with-linker-hash-style=gnu --with-system-zlib --enable-__cxa_atexit --enable-cet=auto --enable-checking=release --enable-clocale=gnu --enable-default-pie --enable-default-ssp --enable-gnu-indirect-function --enable-gnu-unique-object --enable-install-libiberty --enable-linker-build-id --enable-lto --enable-multilib --enable-plugin --enable-shared --enable-threads=posix --disable-libssp --disable-libstdcxx-pch --disable-libunwind-exceptions --disable-werror gdc_include_dir=/usr/include/dlang/gdc]
  ignore line: [Thread model: posix]
  ignore line: [Supported LTO compression algorithms: zlib zstd]
  ignore line: [gcc version 11.1.0 (GCC) ]
  ignore line: [COMPILER_PATH=/usr/lib/gcc/x86_64-pc-linux-gnu/11.1.0/:/usr/lib/gcc/x86_64-pc-linux-gnu/11.1.0/:/usr/lib/gcc/x86_64-pc-linux-gnu/:/usr/lib/gcc/x86_64-pc-linux-gnu/11.1.0/:/usr/lib/gcc/x86_64-pc-linux-gnu/]
  ignore line: [LIBRARY_PATH=/usr/lib/gcc/x86_64-pc-linux-gnu/11.1.0/:/usr/lib/gcc/x86_64-pc-linux-gnu/11.1.0/../../../../lib/:/lib/../lib/:/usr/lib/../lib/:/usr/lib/gcc/x86_64-pc-linux-gnu/11.1.0/../../../:/lib/:/usr/lib/]
  ignore line: [Reading specs from /usr/lib/gcc/x86_64-pc-linux-gnu/11.1.0/../../../../lib/libgomp.spec]
  ignore line: [COLLECT_GCC_OPTIONS='-Wall' '-Wextra' '-Wpedantic' '-march=nehalem' '-fopenmp' '-v' '-o' 'cmTC_6da2e' '-v' '-shared-libgcc' '-pthread' '-dumpdir' 'cmTC_6da2e.']
  link line: [ /usr/lib/gcc/x86_64-pc-linux-gnu/11.1.0/collect2 -plugin /usr/lib/gcc/x86_64-pc-linux-gnu/11.1.0/liblto_plugin.so -plugin-opt=/usr/lib/gcc/x86_64-pc-linux-gnu/11.1.0/lto-wrapper -plugin-opt=-fresolution=/tmp/cc0fXEBk.res -plugin-opt=-pass-through=-lgcc_s -plugin-opt=-pass-through=-lgcc -plugin-opt=-pass-through=-lpthread -plugin-opt=-pass-through=-lc -plugin-opt=-pass-through=-lgcc_s -plugin-opt=-pass-through=-lgcc --build-id --eh-frame-hdr --hash-style=gnu -m elf_x86_64 -dynamic-linker /lib64/ld-linux-x86-64.so.2 -pie -o cmTC_6da2e /usr/lib/gcc/x86_64-pc-linux-gnu/11.1.0/../../../../lib/Scrt1.o /usr/lib/gcc/x86_64-pc-linux-gnu/11.1.0/../../../../lib/crti.o /usr/lib/gcc/x86_64-pc-linux-gnu/11.1.0/crtbeginS.o -L/usr/lib/gcc/x86_64-pc-linux-gnu/11.1.0 -L/usr/lib/gcc/x86_64-pc-linux-gnu/11.1.0/../../../../lib -L/lib/../lib -L/usr/lib/../lib -L/usr/lib/gcc/x86_64-pc-linux-gnu/11.1.0/../../.. CMakeFiles/cmTC_6da2e.dir/OpenMPTryFlag.cpp.o -lstdc++ -lm -lgomp -lgcc_s -lgcc -lpthread -lc -lgcc_s -lgcc /usr/lib/gcc/x86_64-pc-linux-gnu/11.1.0/crtendS.o /usr/lib/gcc/x86_64-pc-linux-gnu/11.1.0/../../../../lib/crtn.o]
    arg [/usr/lib/gcc/x86_64-pc-linux-gnu/11.1.0/collect2] ==> ignore
    arg [-plugin] ==> ignore
    arg [/usr/lib/gcc/x86_64-pc-linux-gnu/11.1.0/liblto_plugin.so] ==> ignore
    arg [-plugin-opt=/usr/lib/gcc/x86_64-pc-linux-gnu/11.1.0/lto-wrapper] ==> ignore
    arg [-plugin-opt=-fresolution=/tmp/cc0fXEBk.res] ==> ignore
    arg [-plugin-opt=-pass-through=-lgcc_s] ==> ignore
    arg [-plugin-opt=-pass-through=-lgcc] ==> ignore
    arg [-plugin-opt=-pass-through=-lpthread] ==> ignore
    arg [-plugin-opt=-pass-through=-lc] ==> ignore
    arg [-plugin-opt=-pass-through=-lgcc_s] ==> ignore
    arg [-plugin-opt=-pass-through=-lgcc] ==> ignore
    arg [--build-id] ==> ignore
    arg [--eh-frame-hdr] ==> ignore
    arg [--hash-style=gnu] ==> ignore
    arg [-m] ==> ignore
    arg [elf_x86_64] ==> ignore
    arg [-dynamic-linker] ==> ignore
    arg [/lib64/ld-linux-x86-64.so.2] ==> ignore
    arg [-pie] ==> ignore
    arg [-o] ==> ignore
    arg [cmTC_6da2e] ==> ignore
    arg [-L/usr/lib/gcc/x86_64-pc-linux-gnu/11.1.0] ==> dir [/usr/lib/gcc/x86_64-pc-linux-gnu/11.1.0]
    arg [-L/usr/lib/gcc/x86_64-pc-linux-gnu/11.1.0/../../../../lib] ==> dir [/usr/lib/gcc/x86_64-pc-linux-gnu/11.1.0/../../../../lib]
    arg [-L/lib/../lib] ==> dir [/lib/../lib]
    arg [-L/usr/lib/../lib] ==> dir [/usr/lib/../lib]
    arg [-L/usr/lib/gcc/x86_64-pc-linux-gnu/11.1.0/../../..] ==> dir [/usr/lib/gcc/x86_64-pc-linux-gnu/11.1.0/../../..]
    arg [CMakeFiles/cmTC_6da2e.dir/OpenMPTryFlag.cpp.o] ==> ignore
    arg [-lstdc++] ==> lib [stdc++]
    arg [-lm] ==> lib [m]
    arg [-lgomp] ==> lib [gomp]
    arg [-lgcc_s] ==> lib [gcc_s]
    arg [-lgcc] ==> lib [gcc]
    arg [-lpthread] ==> lib [pthread]
    arg [-lc] ==> lib [c]
    arg [-lgcc_s] ==> lib [gcc_s]
    arg [-lgcc] ==> lib [gcc]
  collapse library dir [/usr/lib/gcc/x86_64-pc-linux-gnu/11.1.0] ==> [/usr/lib/gcc/x86_64-pc-linux-gnu/11.1.0]
  collapse library dir [/usr/lib/gcc/x86_64-pc-linux-gnu/11.1.0/../../../../lib] ==> [/usr/lib]
  collapse library dir [/lib/../lib] ==> [/lib]
  collapse library dir [/usr/lib/../lib] ==> [/usr/lib]
  collapse library dir [/usr/lib/gcc/x86_64-pc-linux-gnu/11.1.0/../../..] ==> [/usr/lib]
  implicit libs: [stdc++;m;gomp;gcc_s;gcc;pthread;c;gcc_s;gcc]
  implicit objs: []
  implicit dirs: [/usr/lib/gcc/x86_64-pc-linux-gnu/11.1.0;/usr/lib;/lib]
  implicit fwks: []


Determining if the include file pthread.h exists passed with the following output:
Change Dir: /home/d4nielix/Pulpit/PP04/build/CMakeFiles/CMakeTmp

Run Build Command(s):/usr/bin/make -f Makefile cmTC_5f81f/fast && /usr/bin/make  -f CMakeFiles/cmTC_5f81f.dir/build.make CMakeFiles/cmTC_5f81f.dir/build
make[1]: Wejście do katalogu '/home/d4nielix/Pulpit/PP04/build/CMakeFiles/CMakeTmp'
Building C object CMakeFiles/cmTC_5f81f.dir/CheckIncludeFile.c.o
/usr/bin/x86_64-pc-linux-gnu-gcc-11.1.0   -fopenmp  -fPIE -o CMakeFiles/cmTC_5f81f.dir/CheckIncludeFile.c.o -c /home/d4nielix/Pulpit/PP04/build/CMakeFiles/CMakeTmp/CheckIncludeFile.c
Linking C executable cmTC_5f81f
/var/lib/snapd/snap/cmake/1005/bin/cmake -E cmake_link_script CMakeFiles/cmTC_5f81f.dir/link.txt --verbose=1
/usr/bin/x86_64-pc-linux-gnu-gcc-11.1.0  -fopenmp  CMakeFiles/cmTC_5f81f.dir/CheckIncludeFile.c.o -o cmTC_5f81f 
make[1]: Opuszczenie katalogu '/home/d4nielix/Pulpit/PP04/build/CMakeFiles/CMakeTmp'



Performing C SOURCE FILE Test CMAKE_HAVE_LIBC_PTHREAD succeeded with the following output:
Change Dir: /home/d4nielix/Pulpit/PP04/build/CMakeFiles/CMakeTmp

Run Build Command(s):/usr/bin/make -f Makefile cmTC_58667/fast && /usr/bin/make  -f CMakeFiles/cmTC_58667.dir/build.make CMakeFiles/cmTC_58667.dir/build
make[1]: Wejście do katalogu '/home/d4nielix/Pulpit/PP04/build/CMakeFiles/CMakeTmp'
Building C object CMakeFiles/cmTC_58667.dir/src.c.o
/usr/bin/x86_64-pc-linux-gnu-gcc-11.1.0 -DCMAKE_HAVE_LIBC_PTHREAD  -fopenmp  -fPIE -o CMakeFiles/cmTC_58667.dir/src.c.o -c /home/d4nielix/Pulpit/PP04/build/CMakeFiles/CMakeTmp/src.c
Linking C executable cmTC_58667
/var/lib/snapd/snap/cmake/1005/bin/cmake -E cmake_link_script CMakeFiles/cmTC_58667.dir/link.txt --verbose=1
/usr/bin/x86_64-pc-linux-gnu-gcc-11.1.0  -fopenmp  CMakeFiles/cmTC_58667.dir/src.c.o -o cmTC_58667 
make[1]: Opuszczenie katalogu '/home/d4nielix/Pulpit/PP04/build/CMakeFiles/CMakeTmp'


Source file was:
#include <pthread.h>

static void* test_func(void* data)
{
  return data;
}

int main(void)
{
  pthread_t thread;
  pthread_create(&thread, NULL, test_func, NULL);
  pthread_detach(thread);
  pthread_cancel(thread);
  pthread_join(thread, NULL);
  pthread_atfork(NULL, NULL, NULL);
  pthread_exit(NULL);

  return 0;
}

